DEBUG     Checking PHPLS_ALLOW_XDEBUG
DEBUG     The xdebug extension is not loaded

[Info  - 11:26:33 AM] 67 files total
[Info  - 11:26:33 AM] Indexing project for definitions and static references
Parsing file:///opt/lampp/htdocs/laravel-vue-inertia-Js/server.php
Parsing file:///opt/lampp/htdocs/laravel-vue-inertia-Js/database/seeders/DatabaseSeeder.php
Parsing file:///opt/lampp/htdocs/laravel-vue-inertia-Js/database/migrations/2014_10_12_000000_create_users_table.php
Parsing file:///opt/lampp/htdocs/laravel-vue-inertia-Js/database/migrations/2014_10_12_100000_create_password_resets_table.php
Parsing file:///opt/lampp/htdocs/laravel-vue-inertia-Js/database/migrations/2019_08_19_000000_create_failed_jobs_table.php
Parsing file:///opt/lampp/htdocs/laravel-vue-inertia-Js/database/factories/UserFactory.php
Parsing file:///opt/lampp/htdocs/laravel-vue-inertia-Js/tests/TestCase.php
Parsing file:///opt/lampp/htdocs/laravel-vue-inertia-Js/tests/Unit/ExampleTest.php
Parsing file:///opt/lampp/htdocs/laravel-vue-inertia-Js/tests/Feature/ExampleTest.php
Parsing file:///opt/lampp/htdocs/laravel-vue-inertia-Js/tests/CreatesApplication.php
Parsing file:///opt/lampp/htdocs/laravel-vue-inertia-Js/resources/views/app.blade.php
Parsing file:///opt/lampp/htdocs/laravel-vue-inertia-Js/resources/views/auth/verify.blade.php
Parsing file:///opt/lampp/htdocs/laravel-vue-inertia-Js/resources/views/auth/passwords/reset.blade.php
Parsing file:///opt/lampp/htdocs/laravel-vue-inertia-Js/resources/views/auth/passwords/email.blade.php
Parsing file:///opt/lampp/htdocs/laravel-vue-inertia-Js/resources/views/auth/passwords/confirm.blade.php
Parsing file:///opt/lampp/htdocs/laravel-vue-inertia-Js/resources/views/auth/register.blade.php
Parsing file:///opt/lampp/htdocs/laravel-vue-inertia-Js/resources/views/auth/login.blade.php
Parsing file:///opt/lampp/htdocs/laravel-vue-inertia-Js/resources/lang/en/validation.php
Parsing file:///opt/lampp/htdocs/laravel-vue-inertia-Js/resources/lang/en/auth.php
Parsing file:///opt/lampp/htdocs/laravel-vue-inertia-Js/resources/lang/en/passwords.php
Parsing file:///opt/lampp/htdocs/laravel-vue-inertia-Js/resources/lang/en/pagination.php
Parsing file:///opt/lampp/htdocs/laravel-vue-inertia-Js/public/index.php
Parsing file:///opt/lampp/htdocs/laravel-vue-inertia-Js/bootstrap/app.php
Parsing file:///opt/lampp/htdocs/laravel-vue-inertia-Js/routes/channels.php
Parsing file:///opt/lampp/htdocs/laravel-vue-inertia-Js/routes/api.php
Parsing file:///opt/lampp/htdocs/laravel-vue-inertia-Js/routes/console.php
Parsing file:///opt/lampp/htdocs/laravel-vue-inertia-Js/routes/web.php
Parsing file:///opt/lampp/htdocs/laravel-vue-inertia-Js/config/broadcasting.php
Parsing file:///opt/lampp/htdocs/laravel-vue-inertia-Js/config/mail.php
Parsing file:///opt/lampp/htdocs/laravel-vue-inertia-Js/config/auth.php
Parsing file:///opt/lampp/htdocs/laravel-vue-inertia-Js/config/session.php
Parsing file:///opt/lampp/htdocs/laravel-vue-inertia-Js/config/hashing.php
Parsing file:///opt/lampp/htdocs/laravel-vue-inertia-Js/config/database.php
Parsing file:///opt/lampp/htdocs/laravel-vue-inertia-Js/config/logging.php
Parsing file:///opt/lampp/htdocs/laravel-vue-inertia-Js/config/queue.php
Parsing file:///opt/lampp/htdocs/laravel-vue-inertia-Js/config/cache.php
Parsing file:///opt/lampp/htdocs/laravel-vue-inertia-Js/config/cors.php
Parsing file:///opt/lampp/htdocs/laravel-vue-inertia-Js/config/app.php
Parsing file:///opt/lampp/htdocs/laravel-vue-inertia-Js/config/filesystems.php
Parsing file:///opt/lampp/htdocs/laravel-vue-inertia-Js/config/view.php
Parsing file:///opt/lampp/htdocs/laravel-vue-inertia-Js/config/services.php
Parsing file:///opt/lampp/htdocs/laravel-vue-inertia-Js/app/Models/User.php
Parsing file:///opt/lampp/htdocs/laravel-vue-inertia-Js/app/Providers/AuthServiceProvider.php
Parsing file:///opt/lampp/htdocs/laravel-vue-inertia-Js/app/Providers/AppServiceProvider.php
Parsing file:///opt/lampp/htdocs/laravel-vue-inertia-Js/app/Providers/RouteServiceProvider.php
Parsing file:///opt/lampp/htdocs/laravel-vue-inertia-Js/app/Providers/BroadcastServiceProvider.php
Parsing file:///opt/lampp/htdocs/laravel-vue-inertia-Js/app/Providers/EventServiceProvider.php
Parsing file:///opt/lampp/htdocs/laravel-vue-inertia-Js/app/Exceptions/Handler.php
Parsing file:///opt/lampp/htdocs/laravel-vue-inertia-Js/app/Http/Middleware/TrustProxies.php
Parsing file:///opt/lampp/htdocs/laravel-vue-inertia-Js/app/Http/Middleware/VerifyCsrfToken.php
Parsing file:///opt/lampp/htdocs/laravel-vue-inertia-Js/app/Http/Middleware/PreventRequestsDuringMaintenance.php
Parsing file:///opt/lampp/htdocs/laravel-vue-inertia-Js/app/Http/Middleware/HandleInertiaRequests.php
Parsing file:///opt/lampp/htdocs/laravel-vue-inertia-Js/app/Http/Middleware/EncryptCookies.php
Parsing file:///opt/lampp/htdocs/laravel-vue-inertia-Js/app/Http/Middleware/TrimStrings.php
Parsing file:///opt/lampp/htdocs/laravel-vue-inertia-Js/app/Http/Middleware/Authenticate.php
Parsing file:///opt/lampp/htdocs/laravel-vue-inertia-Js/app/Http/Middleware/TrustHosts.php
Parsing file:///opt/lampp/htdocs/laravel-vue-inertia-Js/app/Http/Middleware/RedirectIfAuthenticated.php
Parsing file:///opt/lampp/htdocs/laravel-vue-inertia-Js/app/Http/Controllers/Auth/ConfirmPasswordController.php
Parsing file:///opt/lampp/htdocs/laravel-vue-inertia-Js/app/Http/Controllers/Auth/LoginController.php
Parsing file:///opt/lampp/htdocs/laravel-vue-inertia-Js/app/Http/Controllers/Auth/ForgotPasswordController.php
Parsing file:///opt/lampp/htdocs/laravel-vue-inertia-Js/app/Http/Controllers/Auth/VerificationController.php
Parsing file:///opt/lampp/htdocs/laravel-vue-inertia-Js/app/Http/Controllers/Auth/RegisterController.php
Parsing file:///opt/lampp/htdocs/laravel-vue-inertia-Js/app/Http/Controllers/Auth/ResetPasswordController.php
Parsing file:///opt/lampp/htdocs/laravel-vue-inertia-Js/app/Http/Controllers/Controller.php
Parsing file:///opt/lampp/htdocs/laravel-vue-inertia-Js/app/Http/Controllers/HomeController.php
Parsing file:///opt/lampp/htdocs/laravel-vue-inertia-Js/app/Http/Kernel.php
Parsing file:///opt/lampp/htdocs/laravel-vue-inertia-Js/app/Console/Kernel.php
[Info  - 11:26:34 AM] Indexing project for dynamic references
Parsing file:///opt/lampp/htdocs/laravel-vue-inertia-Js/server.php
Parsing file:///opt/lampp/htdocs/laravel-vue-inertia-Js/database/seeders/DatabaseSeeder.php
Parsing file:///opt/lampp/htdocs/laravel-vue-inertia-Js/database/migrations/2014_10_12_000000_create_users_table.php
Parsing file:///opt/lampp/htdocs/laravel-vue-inertia-Js/database/migrations/2014_10_12_100000_create_password_resets_table.php
Parsing file:///opt/lampp/htdocs/laravel-vue-inertia-Js/database/migrations/2019_08_19_000000_create_failed_jobs_table.php
Parsing file:///opt/lampp/htdocs/laravel-vue-inertia-Js/database/factories/UserFactory.php
Parsing file:///opt/lampp/htdocs/laravel-vue-inertia-Js/tests/TestCase.php
Parsing file:///opt/lampp/htdocs/laravel-vue-inertia-Js/tests/Unit/ExampleTest.php
Parsing file:///opt/lampp/htdocs/laravel-vue-inertia-Js/tests/Feature/ExampleTest.php
Parsing file:///opt/lampp/htdocs/laravel-vue-inertia-Js/tests/CreatesApplication.php
Parsing file:///opt/lampp/htdocs/laravel-vue-inertia-Js/resources/views/app.blade.php
Parsing file:///opt/lampp/htdocs/laravel-vue-inertia-Js/resources/views/auth/verify.blade.php
Parsing file:///opt/lampp/htdocs/laravel-vue-inertia-Js/resources/views/auth/passwords/reset.blade.php
Parsing file:///opt/lampp/htdocs/laravel-vue-inertia-Js/resources/views/auth/passwords/email.blade.php
Parsing file:///opt/lampp/htdocs/laravel-vue-inertia-Js/resources/views/auth/passwords/confirm.blade.php
Parsing file:///opt/lampp/htdocs/laravel-vue-inertia-Js/resources/views/auth/register.blade.php
Parsing file:///opt/lampp/htdocs/laravel-vue-inertia-Js/resources/views/auth/login.blade.php
Parsing file:///opt/lampp/htdocs/laravel-vue-inertia-Js/resources/lang/en/validation.php
Parsing file:///opt/lampp/htdocs/laravel-vue-inertia-Js/resources/lang/en/auth.php
Parsing file:///opt/lampp/htdocs/laravel-vue-inertia-Js/resources/lang/en/passwords.php
Parsing file:///opt/lampp/htdocs/laravel-vue-inertia-Js/resources/lang/en/pagination.php
Parsing file:///opt/lampp/htdocs/laravel-vue-inertia-Js/public/index.php
Parsing file:///opt/lampp/htdocs/laravel-vue-inertia-Js/bootstrap/app.php
Parsing file:///opt/lampp/htdocs/laravel-vue-inertia-Js/routes/channels.php
Parsing file:///opt/lampp/htdocs/laravel-vue-inertia-Js/routes/api.php
Parsing file:///opt/lampp/htdocs/laravel-vue-inertia-Js/routes/console.php
Parsing file:///opt/lampp/htdocs/laravel-vue-inertia-Js/routes/web.php
Parsing file:///opt/lampp/htdocs/laravel-vue-inertia-Js/config/broadcasting.php
Parsing file:///opt/lampp/htdocs/laravel-vue-inertia-Js/config/mail.php
Parsing file:///opt/lampp/htdocs/laravel-vue-inertia-Js/config/auth.php
Parsing file:///opt/lampp/htdocs/laravel-vue-inertia-Js/config/session.php
Parsing file:///opt/lampp/htdocs/laravel-vue-inertia-Js/config/hashing.php
Parsing file:///opt/lampp/htdocs/laravel-vue-inertia-Js/config/database.php
Parsing file:///opt/lampp/htdocs/laravel-vue-inertia-Js/config/logging.php
Parsing file:///opt/lampp/htdocs/laravel-vue-inertia-Js/config/queue.php
Parsing file:///opt/lampp/htdocs/laravel-vue-inertia-Js/config/cache.php
Parsing file:///opt/lampp/htdocs/laravel-vue-inertia-Js/config/cors.php
Parsing file:///opt/lampp/htdocs/laravel-vue-inertia-Js/config/app.php
Parsing file:///opt/lampp/htdocs/laravel-vue-inertia-Js/config/filesystems.php
Parsing file:///opt/lampp/htdocs/laravel-vue-inertia-Js/config/view.php
Parsing file:///opt/lampp/htdocs/laravel-vue-inertia-Js/config/services.php
Parsing file:///opt/lampp/htdocs/laravel-vue-inertia-Js/app/Models/User.php
Parsing file:///opt/lampp/htdocs/laravel-vue-inertia-Js/app/Providers/AuthServiceProvider.php
Parsing file:///opt/lampp/htdocs/laravel-vue-inertia-Js/app/Providers/AppServiceProvider.php
Parsing file:///opt/lampp/htdocs/laravel-vue-inertia-Js/app/Providers/RouteServiceProvider.php
Parsing file:///opt/lampp/htdocs/laravel-vue-inertia-Js/app/Providers/BroadcastServiceProvider.php
Parsing file:///opt/lampp/htdocs/laravel-vue-inertia-Js/app/Providers/EventServiceProvider.php
Parsing file:///opt/lampp/htdocs/laravel-vue-inertia-Js/app/Exceptions/Handler.php
Parsing file:///opt/lampp/htdocs/laravel-vue-inertia-Js/app/Http/Middleware/TrustProxies.php
Parsing file:///opt/lampp/htdocs/laravel-vue-inertia-Js/app/Http/Middleware/VerifyCsrfToken.php
Parsing file:///opt/lampp/htdocs/laravel-vue-inertia-Js/app/Http/Middleware/PreventRequestsDuringMaintenance.php
Parsing file:///opt/lampp/htdocs/laravel-vue-inertia-Js/app/Http/Middleware/HandleInertiaRequests.php
Parsing file:///opt/lampp/htdocs/laravel-vue-inertia-Js/app/Http/Middleware/EncryptCookies.php
Parsing file:///opt/lampp/htdocs/laravel-vue-inertia-Js/app/Http/Middleware/TrimStrings.php
Parsing file:///opt/lampp/htdocs/laravel-vue-inertia-Js/app/Http/Middleware/Authenticate.php
Parsing file:///opt/lampp/htdocs/laravel-vue-inertia-Js/app/Http/Middleware/TrustHosts.php
Parsing file:///opt/lampp/htdocs/laravel-vue-inertia-Js/app/Http/Middleware/RedirectIfAuthenticated.php
Parsing file:///opt/lampp/htdocs/laravel-vue-inertia-Js/app/Http/Controllers/Auth/ConfirmPasswordController.php
Parsing file:///opt/lampp/htdocs/laravel-vue-inertia-Js/app/Http/Controllers/Auth/LoginController.php
Parsing file:///opt/lampp/htdocs/laravel-vue-inertia-Js/app/Http/Controllers/Auth/ForgotPasswordController.php
Parsing file:///opt/lampp/htdocs/laravel-vue-inertia-Js/app/Http/Controllers/Auth/VerificationController.php
Parsing file:///opt/lampp/htdocs/laravel-vue-inertia-Js/app/Http/Controllers/Auth/RegisterController.php
Parsing file:///opt/lampp/htdocs/laravel-vue-inertia-Js/app/Http/Controllers/Auth/ResetPasswordController.php
Parsing file:///opt/lampp/htdocs/laravel-vue-inertia-Js/app/Http/Controllers/Controller.php
Parsing file:///opt/lampp/htdocs/laravel-vue-inertia-Js/app/Http/Controllers/HomeController.php
Parsing file:///opt/lampp/htdocs/laravel-vue-inertia-Js/app/Http/Kernel.php
Parsing file:///opt/lampp/htdocs/laravel-vue-inertia-Js/app/Console/Kernel.php
[Info  - 11:26:34 AM] 0 Packages
[Info  - 11:26:34 AM] All 67 PHP files parsed in 0 seconds. 156 MiB allocated.
