Vetur initialized
[INFO ] Find node_modules paths in /opt/lampp/htdocs/mongodb-vue-crud - 129ms
[INFO ] Loaded bundled typescript@4.2.2.
[INFO ] Loaded bundled prettier.
[INFO ] Loaded bundled @starptech/prettyhtml.
[INFO ] Loaded bundled prettier-eslint.
[INFO ] Loaded bundled prettier-tslint.
[INFO ] Loaded bundled stylus-supremacy.
[INFO ] Loaded bundled @prettier/plugin-pug.
[INFO ] update /opt/lampp/htdocs/mongodb-vue-crud/public/mix-manifest.json in ts language service.
[INFO ] update /opt/lampp/htdocs/mongodb-vue-crud/public/mix-manifest.json in ts language service.
[INFO ] update /opt/lampp/htdocs/mongodb-vue-crud/public/mix-manifest.json in ts language service.
[INFO ] update /opt/lampp/htdocs/mongodb-vue-crud/public/js/app.js in ts language service.
[INFO ] update /opt/lampp/htdocs/mongodb-vue-crud/public/js/app.js in ts language service.
[INFO ] update /opt/lampp/htdocs/mongodb-vue-crud/public/js/app.js in ts language service.
[INFO ] update /opt/lampp/htdocs/mongodb-vue-crud/public/mix-manifest.json in ts language service.
[INFO ] update /opt/lampp/htdocs/mongodb-vue-crud/public/mix-manifest.json in ts language service.
[INFO ] update /opt/lampp/htdocs/mongodb-vue-crud/public/mix-manifest.json in ts language service.
[INFO ] update /opt/lampp/htdocs/mongodb-vue-crud/public/js/app.js in ts language service.
[INFO ] update /opt/lampp/htdocs/mongodb-vue-crud/public/js/app.js in ts language service.
[INFO ] update /opt/lampp/htdocs/mongodb-vue-crud/public/js/app.js in ts language service.
[INFO ] update /opt/lampp/htdocs/mongodb-vue-crud/public/mix-manifest.json in ts language service.
[INFO ] update /opt/lampp/htdocs/mongodb-vue-crud/public/mix-manifest.json in ts language service.
[INFO ] update /opt/lampp/htdocs/mongodb-vue-crud/public/mix-manifest.json in ts language service.
[INFO ] update /opt/lampp/htdocs/mongodb-vue-crud/public/mix-manifest.json in ts language service.
[INFO ] update /opt/lampp/htdocs/mongodb-vue-crud/public/mix-manifest.json in ts language service.
[INFO ] update /opt/lampp/htdocs/mongodb-vue-crud/public/mix-manifest.json in ts language service.
[INFO ] update /opt/lampp/htdocs/mongodb-vue-crud/public/js/app.js in ts language service.
[INFO ] update /opt/lampp/htdocs/mongodb-vue-crud/public/js/app.js in ts language service.
[INFO ] update /opt/lampp/htdocs/mongodb-vue-crud/public/js/app.js in ts language service.
[INFO ] update /opt/lampp/htdocs/mongodb-vue-crud/public/mix-manifest.json in ts language service.
[INFO ] update /opt/lampp/htdocs/mongodb-vue-crud/public/mix-manifest.json in ts language service.
[INFO ] update /opt/lampp/htdocs/mongodb-vue-crud/public/mix-manifest.json in ts language service.
[INFO ] update /opt/lampp/htdocs/mongodb-vue-crud/~/.vscode-root/User/settings.json in ts language service.
[INFO ] update /opt/lampp/htdocs/mongodb-vue-crud/~/.vscode-root/User/settings.json in ts language service.
[INFO ] update /opt/lampp/htdocs/mongodb-vue-crud/~/.vscode-root/User/settings.json in ts language service.
[INFO ] update /opt/lampp/htdocs/mongodb-vue-crud/~/.vscode-root/User/settings.json in ts language service.
[INFO ] update /opt/lampp/htdocs/mongodb-vue-crud/~/.vscode-root/User/settings.json in ts language service.
[INFO ] update /opt/lampp/htdocs/mongodb-vue-crud/~/.vscode-root/User/settings.json in ts language service.
[INFO ] update /opt/lampp/htdocs/mongodb-vue-crud/~/.vscode-root/User/settings.json in ts language service.
[INFO ] update /opt/lampp/htdocs/mongodb-vue-crud/~/.vscode-root/User/settings.json in ts language service.
[INFO ] update /opt/lampp/htdocs/mongodb-vue-crud/~/.vscode-root/User/settings.json in ts language service.
[INFO ] update /opt/lampp/htdocs/mongodb-vue-crud/~/.vscode-root/User/settings.json in ts language service.
[INFO ] update /opt/lampp/htdocs/mongodb-vue-crud/~/.vscode-root/User/settings.json in ts language service.
[INFO ] update /opt/lampp/htdocs/mongodb-vue-crud/~/.vscode-root/User/settings.json in ts language service.
[INFO ] update /opt/lampp/htdocs/mongodb-vue-crud/public/mix-manifest.json in ts language service.
[INFO ] update /opt/lampp/htdocs/mongodb-vue-crud/public/mix-manifest.json in ts language service.
[INFO ] update /opt/lampp/htdocs/mongodb-vue-crud/public/mix-manifest.json in ts language service.
[INFO ] update /opt/lampp/htdocs/mongodb-vue-crud/public/js/app.js in ts language service.
[INFO ] update /opt/lampp/htdocs/mongodb-vue-crud/public/js/app.js in ts language service.
[INFO ] update /opt/lampp/htdocs/mongodb-vue-crud/public/js/app.js in ts language service.
[INFO ] update /opt/lampp/htdocs/mongodb-vue-crud/public/mix-manifest.json in ts language service.
[INFO ] update /opt/lampp/htdocs/mongodb-vue-crud/public/mix-manifest.json in ts language service.
[INFO ] update /opt/lampp/htdocs/mongodb-vue-crud/public/mix-manifest.json in ts language service.
[INFO ] update /opt/lampp/htdocs/mongodb-vue-crud/public/js/app.js in ts language service.
[INFO ] update /opt/lampp/htdocs/mongodb-vue-crud/public/js/app.js in ts language service.
[INFO ] update /opt/lampp/htdocs/mongodb-vue-crud/public/js/app.js in ts language service.
[INFO ] update /opt/lampp/htdocs/mongodb-vue-crud/public/mix-manifest.json in ts language service.
[INFO ] update /opt/lampp/htdocs/mongodb-vue-crud/public/mix-manifest.json in ts language service.
[INFO ] update /opt/lampp/htdocs/mongodb-vue-crud/public/mix-manifest.json in ts language service.
[INFO ] update /opt/lampp/htdocs/mongodb-vue-crud/public/js/app.js in ts language service.
[INFO ] update /opt/lampp/htdocs/mongodb-vue-crud/public/js/app.js in ts language service.
[INFO ] update /opt/lampp/htdocs/mongodb-vue-crud/public/js/app.js in ts language service.
[INFO ] update /opt/lampp/htdocs/mongodb-vue-crud/public/mix-manifest.json in ts language service.
[INFO ] update /opt/lampp/htdocs/mongodb-vue-crud/public/mix-manifest.json in ts language service.
[INFO ] update /opt/lampp/htdocs/mongodb-vue-crud/public/mix-manifest.json in ts language service.
[INFO ] update /opt/lampp/htdocs/mongodb-vue-crud/public/js/app.js in ts language service.
[INFO ] update /opt/lampp/htdocs/mongodb-vue-crud/public/js/app.js in ts language service.
[INFO ] update /opt/lampp/htdocs/mongodb-vue-crud/public/js/app.js in ts language service.
[INFO ] update /opt/lampp/htdocs/mongodb-vue-crud/public/mix-manifest.json in ts language service.
[INFO ] update /opt/lampp/htdocs/mongodb-vue-crud/public/mix-manifest.json in ts language service.
[INFO ] update /opt/lampp/htdocs/mongodb-vue-crud/public/mix-manifest.json in ts language service.
[INFO ] update /opt/lampp/htdocs/mongodb-vue-crud/public/js/app.js in ts language service.
[INFO ] update /opt/lampp/htdocs/mongodb-vue-crud/public/js/app.js in ts language service.
[INFO ] update /opt/lampp/htdocs/mongodb-vue-crud/public/js/app.js in ts language service.
[INFO ] update /opt/lampp/htdocs/mongodb-vue-crud/public/mix-manifest.json in ts language service.
[INFO ] update /opt/lampp/htdocs/mongodb-vue-crud/public/mix-manifest.json in ts language service.
[INFO ] update /opt/lampp/htdocs/mongodb-vue-crud/public/mix-manifest.json in ts language service.
[INFO ] update /opt/lampp/htdocs/mongodb-vue-crud/public/js/app.js in ts language service.
[INFO ] update /opt/lampp/htdocs/mongodb-vue-crud/public/js/app.js in ts language service.
[INFO ] update /opt/lampp/htdocs/mongodb-vue-crud/public/js/app.js in ts language service.
[INFO ] update /opt/lampp/htdocs/mongodb-vue-crud/public/mix-manifest.json in ts language service.
[INFO ] update /opt/lampp/htdocs/mongodb-vue-crud/public/mix-manifest.json in ts language service.
[INFO ] update /opt/lampp/htdocs/mongodb-vue-crud/public/mix-manifest.json in ts language service.
[INFO ] update /opt/lampp/htdocs/mongodb-vue-crud/public/js/app.js in ts language service.
[INFO ] update /opt/lampp/htdocs/mongodb-vue-crud/public/js/app.js in ts language service.
[INFO ] update /opt/lampp/htdocs/mongodb-vue-crud/public/js/app.js in ts language service.
[INFO ] update /opt/lampp/htdocs/mongodb-vue-crud/public/mix-manifest.json in ts language service.
[INFO ] update /opt/lampp/htdocs/mongodb-vue-crud/public/mix-manifest.json in ts language service.
[INFO ] update /opt/lampp/htdocs/mongodb-vue-crud/public/mix-manifest.json in ts language service.
[INFO ] update /opt/lampp/htdocs/mongodb-vue-crud/public/js/app.js in ts language service.
[INFO ] update /opt/lampp/htdocs/mongodb-vue-crud/public/js/app.js in ts language service.
[INFO ] update /opt/lampp/htdocs/mongodb-vue-crud/public/js/app.js in ts language service.
[INFO ] update /opt/lampp/htdocs/mongodb-vue-crud/public/mix-manifest.json in ts language service.
[INFO ] update /opt/lampp/htdocs/mongodb-vue-crud/public/mix-manifest.json in ts language service.
[INFO ] update /opt/lampp/htdocs/mongodb-vue-crud/public/mix-manifest.json in ts language service.
[INFO ] update /opt/lampp/htdocs/mongodb-vue-crud/public/js/app.js in ts language service.
[INFO ] update /opt/lampp/htdocs/mongodb-vue-crud/public/js/app.js in ts language service.
[INFO ] update /opt/lampp/htdocs/mongodb-vue-crud/public/js/app.js in ts language service.
[INFO ] update /opt/lampp/htdocs/mongodb-vue-crud/public/mix-manifest.json in ts language service.
[INFO ] update /opt/lampp/htdocs/mongodb-vue-crud/public/mix-manifest.json in ts language service.
[INFO ] update /opt/lampp/htdocs/mongodb-vue-crud/public/mix-manifest.json in ts language service.
[INFO ] update /opt/lampp/htdocs/mongodb-vue-crud/public/js/app.js in ts language service.
[INFO ] update /opt/lampp/htdocs/mongodb-vue-crud/public/js/app.js in ts language service.
[INFO ] update /opt/lampp/htdocs/mongodb-vue-crud/public/js/app.js in ts language service.
[INFO ] update /opt/lampp/htdocs/mongodb-vue-crud/public/mix-manifest.json in ts language service.
[INFO ] update /opt/lampp/htdocs/mongodb-vue-crud/public/mix-manifest.json in ts language service.
[INFO ] update /opt/lampp/htdocs/mongodb-vue-crud/public/mix-manifest.json in ts language service.
[INFO ] update /opt/lampp/htdocs/mongodb-vue-crud/public/js/app.js in ts language service.
[INFO ] update /opt/lampp/htdocs/mongodb-vue-crud/public/js/app.js in ts language service.
[INFO ] update /opt/lampp/htdocs/mongodb-vue-crud/public/js/app.js in ts language service.
[INFO ] update /opt/lampp/htdocs/mongodb-vue-crud/public/mix-manifest.json in ts language service.
[INFO ] update /opt/lampp/htdocs/mongodb-vue-crud/public/mix-manifest.json in ts language service.
[INFO ] update /opt/lampp/htdocs/mongodb-vue-crud/public/mix-manifest.json in ts language service.
[INFO ] update /opt/lampp/htdocs/mongodb-vue-crud/public/js/app.js in ts language service.
[INFO ] update /opt/lampp/htdocs/mongodb-vue-crud/public/js/app.js in ts language service.
[INFO ] update /opt/lampp/htdocs/mongodb-vue-crud/public/js/app.js in ts language service.
[INFO ] update /opt/lampp/htdocs/mongodb-vue-crud/public/mix-manifest.json in ts language service.
[INFO ] update /opt/lampp/htdocs/mongodb-vue-crud/public/mix-manifest.json in ts language service.
[INFO ] update /opt/lampp/htdocs/mongodb-vue-crud/public/mix-manifest.json in ts language service.
[INFO ] update /opt/lampp/htdocs/mongodb-vue-crud/public/js/app.js in ts language service.
[INFO ] update /opt/lampp/htdocs/mongodb-vue-crud/public/js/app.js in ts language service.
[INFO ] update /opt/lampp/htdocs/mongodb-vue-crud/public/js/app.js in ts language service.
[INFO ] update /opt/lampp/htdocs/mongodb-vue-crud/public/mix-manifest.json in ts language service.
[INFO ] update /opt/lampp/htdocs/mongodb-vue-crud/public/mix-manifest.json in ts language service.
[INFO ] update /opt/lampp/htdocs/mongodb-vue-crud/public/mix-manifest.json in ts language service.
[INFO ] update /opt/lampp/htdocs/mongodb-vue-crud/public/js/app.js in ts language service.
[INFO ] update /opt/lampp/htdocs/mongodb-vue-crud/public/js/app.js in ts language service.
[INFO ] update /opt/lampp/htdocs/mongodb-vue-crud/public/js/app.js in ts language service.
[INFO ] update /opt/lampp/htdocs/mongodb-vue-crud/public/mix-manifest.json in ts language service.
[INFO ] update /opt/lampp/htdocs/mongodb-vue-crud/public/mix-manifest.json in ts language service.
[INFO ] update /opt/lampp/htdocs/mongodb-vue-crud/public/mix-manifest.json in ts language service.
[INFO ] update /opt/lampp/htdocs/mongodb-vue-crud/public/js/app.js in ts language service.
[INFO ] update /opt/lampp/htdocs/mongodb-vue-crud/public/js/app.js in ts language service.
[INFO ] update /opt/lampp/htdocs/mongodb-vue-crud/public/js/app.js in ts language service.
[INFO ] update /opt/lampp/htdocs/mongodb-vue-crud/public/mix-manifest.json in ts language service.
[INFO ] update /opt/lampp/htdocs/mongodb-vue-crud/public/mix-manifest.json in ts language service.
[INFO ] update /opt/lampp/htdocs/mongodb-vue-crud/public/mix-manifest.json in ts language service.
[INFO ] update /opt/lampp/htdocs/mongodb-vue-crud/public/js/app.js in ts language service.
[INFO ] update /opt/lampp/htdocs/mongodb-vue-crud/public/js/app.js in ts language service.
[INFO ] update /opt/lampp/htdocs/mongodb-vue-crud/public/js/app.js in ts language service.
[INFO ] update /opt/lampp/htdocs/mongodb-vue-crud/public/mix-manifest.json in ts language service.
[INFO ] update /opt/lampp/htdocs/mongodb-vue-crud/public/mix-manifest.json in ts language service.
[INFO ] update /opt/lampp/htdocs/mongodb-vue-crud/public/mix-manifest.json in ts language service.
[INFO ] update /opt/lampp/htdocs/mongodb-vue-crud/public/js/app.js in ts language service.
[INFO ] update /opt/lampp/htdocs/mongodb-vue-crud/public/js/app.js in ts language service.
[INFO ] update /opt/lampp/htdocs/mongodb-vue-crud/public/js/app.js in ts language service.
[INFO ] update /opt/lampp/htdocs/mongodb-vue-crud/public/mix-manifest.json in ts language service.
[INFO ] update /opt/lampp/htdocs/mongodb-vue-crud/public/mix-manifest.json in ts language service.
[INFO ] update /opt/lampp/htdocs/mongodb-vue-crud/public/mix-manifest.json in ts language service.
[INFO ] update /opt/lampp/htdocs/mongodb-vue-crud/public/js/app.js in ts language service.
[INFO ] update /opt/lampp/htdocs/mongodb-vue-crud/public/js/app.js in ts language service.
[INFO ] update /opt/lampp/htdocs/mongodb-vue-crud/public/js/app.js in ts language service.
[INFO ] update /opt/lampp/htdocs/mongodb-vue-crud/public/mix-manifest.json in ts language service.
[INFO ] update /opt/lampp/htdocs/mongodb-vue-crud/public/mix-manifest.json in ts language service.
[INFO ] update /opt/lampp/htdocs/mongodb-vue-crud/public/mix-manifest.json in ts language service.
[INFO ] update /opt/lampp/htdocs/mongodb-vue-crud/public/mix-manifest.json in ts language service.
[INFO ] update /opt/lampp/htdocs/mongodb-vue-crud/public/mix-manifest.json in ts language service.
[INFO ] update /opt/lampp/htdocs/mongodb-vue-crud/public/mix-manifest.json in ts language service.
[INFO ] update /opt/lampp/htdocs/mongodb-vue-crud/public/mix-manifest.json in ts language service.
[INFO ] update /opt/lampp/htdocs/mongodb-vue-crud/public/mix-manifest.json in ts language service.
[INFO ] update /opt/lampp/htdocs/mongodb-vue-crud/public/mix-manifest.json in ts language service.
[INFO ] update /opt/lampp/htdocs/mongodb-vue-crud/public/mix-manifest.json in ts language service.
[INFO ] update /opt/lampp/htdocs/mongodb-vue-crud/public/mix-manifest.json in ts language service.
[INFO ] update /opt/lampp/htdocs/mongodb-vue-crud/public/mix-manifest.json in ts language service.
[INFO ] update /opt/lampp/htdocs/mongodb-vue-crud/public/mix-manifest.json in ts language service.
[INFO ] update /opt/lampp/htdocs/mongodb-vue-crud/public/mix-manifest.json in ts language service.
[INFO ] update /opt/lampp/htdocs/mongodb-vue-crud/public/mix-manifest.json in ts language service.
[INFO ] update /opt/lampp/htdocs/mongodb-vue-crud/public/mix-manifest.json in ts language service.
[INFO ] update /opt/lampp/htdocs/mongodb-vue-crud/public/mix-manifest.json in ts language service.
[INFO ] update /opt/lampp/htdocs/mongodb-vue-crud/public/mix-manifest.json in ts language service.
[INFO ] update /opt/lampp/htdocs/mongodb-vue-crud/public/js/app.js in ts language service.
[INFO ] update /opt/lampp/htdocs/mongodb-vue-crud/public/js/app.js in ts language service.
[INFO ] update /opt/lampp/htdocs/mongodb-vue-crud/public/js/app.js in ts language service.
[INFO ] update /opt/lampp/htdocs/mongodb-vue-crud/public/mix-manifest.json in ts language service.
[INFO ] update /opt/lampp/htdocs/mongodb-vue-crud/public/mix-manifest.json in ts language service.
[INFO ] update /opt/lampp/htdocs/mongodb-vue-crud/public/mix-manifest.json in ts language service.
[INFO ] update /opt/lampp/htdocs/mongodb-vue-crud/public/js/app.js in ts language service.
[INFO ] update /opt/lampp/htdocs/mongodb-vue-crud/public/js/app.js in ts language service.
[INFO ] update /opt/lampp/htdocs/mongodb-vue-crud/public/js/app.js in ts language service.
[INFO ] update /opt/lampp/htdocs/mongodb-vue-crud/public/mix-manifest.json in ts language service.
[INFO ] update /opt/lampp/htdocs/mongodb-vue-crud/public/mix-manifest.json in ts language service.
[INFO ] update /opt/lampp/htdocs/mongodb-vue-crud/public/mix-manifest.json in ts language service.
[INFO ] update /opt/lampp/htdocs/mongodb-vue-crud/public/js/app.js in ts language service.
[INFO ] update /opt/lampp/htdocs/mongodb-vue-crud/public/js/app.js in ts language service.
[INFO ] update /opt/lampp/htdocs/mongodb-vue-crud/public/js/app.js in ts language service.
[INFO ] update /opt/lampp/htdocs/mongodb-vue-crud/public/mix-manifest.json in ts language service.
[INFO ] update /opt/lampp/htdocs/mongodb-vue-crud/public/mix-manifest.json in ts language service.
[INFO ] update /opt/lampp/htdocs/mongodb-vue-crud/public/mix-manifest.json in ts language service.
[INFO ] update /opt/lampp/htdocs/mongodb-vue-crud/public/js/app.js in ts language service.
[INFO ] update /opt/lampp/htdocs/mongodb-vue-crud/public/js/app.js in ts language service.
[INFO ] update /opt/lampp/htdocs/mongodb-vue-crud/public/js/app.js in ts language service.
[INFO ] update /opt/lampp/htdocs/mongodb-vue-crud/public/mix-manifest.json in ts language service.
[INFO ] update /opt/lampp/htdocs/mongodb-vue-crud/public/mix-manifest.json in ts language service.
[INFO ] update /opt/lampp/htdocs/mongodb-vue-crud/public/mix-manifest.json in ts language service.
[INFO ] update /opt/lampp/htdocs/mongodb-vue-crud/public/js/app.js in ts language service.
[INFO ] update /opt/lampp/htdocs/mongodb-vue-crud/public/js/app.js in ts language service.
[INFO ] update /opt/lampp/htdocs/mongodb-vue-crud/public/js/app.js in ts language service.
[INFO ] update /opt/lampp/htdocs/mongodb-vue-crud/public/mix-manifest.json in ts language service.
[INFO ] update /opt/lampp/htdocs/mongodb-vue-crud/public/mix-manifest.json in ts language service.
[INFO ] update /opt/lampp/htdocs/mongodb-vue-crud/public/mix-manifest.json in ts language service.
[INFO ] update /opt/lampp/htdocs/mongodb-vue-crud/public/js/app.js in ts language service.
[INFO ] update /opt/lampp/htdocs/mongodb-vue-crud/public/js/app.js in ts language service.
[INFO ] update /opt/lampp/htdocs/mongodb-vue-crud/public/js/app.js in ts language service.
[INFO ] update /opt/lampp/htdocs/mongodb-vue-crud/public/mix-manifest.json in ts language service.
[INFO ] update /opt/lampp/htdocs/mongodb-vue-crud/public/mix-manifest.json in ts language service.
[INFO ] update /opt/lampp/htdocs/mongodb-vue-crud/public/mix-manifest.json in ts language service.
[INFO ] update /opt/lampp/htdocs/mongodb-vue-crud/public/js/app.js in ts language service.
[INFO ] update /opt/lampp/htdocs/mongodb-vue-crud/public/js/app.js in ts language service.
[INFO ] update /opt/lampp/htdocs/mongodb-vue-crud/public/js/app.js in ts language service.
[INFO ] update /opt/lampp/htdocs/mongodb-vue-crud/public/mix-manifest.json in ts language service.
[INFO ] update /opt/lampp/htdocs/mongodb-vue-crud/public/mix-manifest.json in ts language service.
[INFO ] update /opt/lampp/htdocs/mongodb-vue-crud/public/mix-manifest.json in ts language service.
[INFO ] update /opt/lampp/htdocs/mongodb-vue-crud/public/js/app.js in ts language service.
[INFO ] update /opt/lampp/htdocs/mongodb-vue-crud/public/js/app.js in ts language service.
[INFO ] update /opt/lampp/htdocs/mongodb-vue-crud/public/js/app.js in ts language service.
[INFO ] update /opt/lampp/htdocs/mongodb-vue-crud/public/mix-manifest.json in ts language service.
[INFO ] update /opt/lampp/htdocs/mongodb-vue-crud/public/mix-manifest.json in ts language service.
[INFO ] update /opt/lampp/htdocs/mongodb-vue-crud/public/mix-manifest.json in ts language service.
[INFO ] update /opt/lampp/htdocs/mongodb-vue-crud/public/js/app.js in ts language service.
[INFO ] update /opt/lampp/htdocs/mongodb-vue-crud/public/js/app.js in ts language service.
[INFO ] update /opt/lampp/htdocs/mongodb-vue-crud/public/js/app.js in ts language service.
[INFO ] update /opt/lampp/htdocs/mongodb-vue-crud/public/mix-manifest.json in ts language service.
[INFO ] update /opt/lampp/htdocs/mongodb-vue-crud/public/mix-manifest.json in ts language service.
[INFO ] update /opt/lampp/htdocs/mongodb-vue-crud/public/mix-manifest.json in ts language service.
[INFO ] update /opt/lampp/htdocs/mongodb-vue-crud/public/js/app.js in ts language service.
[INFO ] update /opt/lampp/htdocs/mongodb-vue-crud/public/js/app.js in ts language service.
[INFO ] update /opt/lampp/htdocs/mongodb-vue-crud/public/js/app.js in ts language service.
[INFO ] update /opt/lampp/htdocs/mongodb-vue-crud/public/mix-manifest.json in ts language service.
[INFO ] update /opt/lampp/htdocs/mongodb-vue-crud/public/mix-manifest.json in ts language service.
[INFO ] update /opt/lampp/htdocs/mongodb-vue-crud/public/mix-manifest.json in ts language service.
[INFO ] update /opt/lampp/htdocs/mongodb-vue-crud/public/mix-manifest.json in ts language service.
[INFO ] update /opt/lampp/htdocs/mongodb-vue-crud/public/mix-manifest.json in ts language service.
[INFO ] update /opt/lampp/htdocs/mongodb-vue-crud/public/mix-manifest.json in ts language service.
[INFO ] update /opt/lampp/htdocs/mongodb-vue-crud/public/mix-manifest.json in ts language service.
[INFO ] update /opt/lampp/htdocs/mongodb-vue-crud/public/mix-manifest.json in ts language service.
[INFO ] update /opt/lampp/htdocs/mongodb-vue-crud/public/mix-manifest.json in ts language service.
[INFO ] update /opt/lampp/htdocs/mongodb-vue-crud/public/js/app.js in ts language service.
[INFO ] update /opt/lampp/htdocs/mongodb-vue-crud/public/js/app.js in ts language service.
[INFO ] update /opt/lampp/htdocs/mongodb-vue-crud/public/js/app.js in ts language service.
[INFO ] update /opt/lampp/htdocs/mongodb-vue-crud/public/mix-manifest.json in ts language service.
[INFO ] update /opt/lampp/htdocs/mongodb-vue-crud/public/mix-manifest.json in ts language service.
[INFO ] update /opt/lampp/htdocs/mongodb-vue-crud/public/mix-manifest.json in ts language service.
[INFO ] update /opt/lampp/htdocs/mongodb-vue-crud/public/js/app.js in ts language service.
[INFO ] update /opt/lampp/htdocs/mongodb-vue-crud/public/js/app.js in ts language service.
[INFO ] update /opt/lampp/htdocs/mongodb-vue-crud/public/js/app.js in ts language service.
[INFO ] update /opt/lampp/htdocs/mongodb-vue-crud/public/mix-manifest.json in ts language service.
[INFO ] update /opt/lampp/htdocs/mongodb-vue-crud/public/mix-manifest.json in ts language service.
[INFO ] update /opt/lampp/htdocs/mongodb-vue-crud/public/mix-manifest.json in ts language service.
[INFO ] update /opt/lampp/htdocs/mongodb-vue-crud/public/mix-manifest.json in ts language service.
[INFO ] update /opt/lampp/htdocs/mongodb-vue-crud/public/mix-manifest.json in ts language service.
[INFO ] update /opt/lampp/htdocs/mongodb-vue-crud/public/mix-manifest.json in ts language service.
[INFO ] update /opt/lampp/htdocs/mongodb-vue-crud/public/mix-manifest.json in ts language service.
[INFO ] update /opt/lampp/htdocs/mongodb-vue-crud/public/mix-manifest.json in ts language service.
[INFO ] update /opt/lampp/htdocs/mongodb-vue-crud/public/mix-manifest.json in ts language service.
[INFO ] update /opt/lampp/htdocs/mongodb-vue-crud/public/js/app.js in ts language service.
[INFO ] update /opt/lampp/htdocs/mongodb-vue-crud/public/js/app.js in ts language service.
[INFO ] update /opt/lampp/htdocs/mongodb-vue-crud/public/js/app.js in ts language service.
[INFO ] update /opt/lampp/htdocs/mongodb-vue-crud/public/mix-manifest.json in ts language service.
[INFO ] update /opt/lampp/htdocs/mongodb-vue-crud/public/mix-manifest.json in ts language service.
[INFO ] update /opt/lampp/htdocs/mongodb-vue-crud/public/mix-manifest.json in ts language service.
[INFO ] update /opt/lampp/htdocs/mongodb-vue-crud/~/.vscode-root/User/settings.json in ts language service.
[INFO ] update /opt/lampp/htdocs/mongodb-vue-crud/~/.vscode-root/User/settings.json in ts language service.
[INFO ] update /opt/lampp/htdocs/mongodb-vue-crud/~/.vscode-root/User/settings.json in ts language service.
[INFO ] update /opt/lampp/htdocs/mongodb-vue-crud/~/.vscode-root/User/settings.json in ts language service.
[INFO ] update /opt/lampp/htdocs/mongodb-vue-crud/~/.vscode-root/User/settings.json in ts language service.
[INFO ] update /opt/lampp/htdocs/mongodb-vue-crud/~/.vscode-root/User/settings.json in ts language service.
[INFO ] update /opt/lampp/htdocs/mongodb-vue-crud/~/.vscode-root/User/settings.json in ts language service.
[INFO ] update /opt/lampp/htdocs/mongodb-vue-crud/~/.vscode-root/User/settings.json in ts language service.
[INFO ] update /opt/lampp/htdocs/mongodb-vue-crud/~/.vscode-root/User/settings.json in ts language service.
[INFO ] update /opt/lampp/htdocs/mongodb-vue-crud/~/.vscode-root/User/settings.json in ts language service.
[INFO ] update /opt/lampp/htdocs/mongodb-vue-crud/~/.vscode-root/User/settings.json in ts language service.
[INFO ] update /opt/lampp/htdocs/mongodb-vue-crud/~/.vscode-root/User/settings.json in ts language service.
[INFO ] update /opt/lampp/htdocs/mongodb-vue-crud/public/mix-manifest.json in ts language service.
[INFO ] update /opt/lampp/htdocs/mongodb-vue-crud/public/mix-manifest.json in ts language service.
[INFO ] update /opt/lampp/htdocs/mongodb-vue-crud/public/mix-manifest.json in ts language service.
[INFO ] update /opt/lampp/htdocs/mongodb-vue-crud/public/js/app.js in ts language service.
[INFO ] update /opt/lampp/htdocs/mongodb-vue-crud/public/js/app.js in ts language service.
[INFO ] update /opt/lampp/htdocs/mongodb-vue-crud/public/js/app.js in ts language service.
[INFO ] update /opt/lampp/htdocs/mongodb-vue-crud/public/mix-manifest.json in ts language service.
[INFO ] update /opt/lampp/htdocs/mongodb-vue-crud/public/mix-manifest.json in ts language service.
[INFO ] update /opt/lampp/htdocs/mongodb-vue-crud/public/mix-manifest.json in ts language service.
[INFO ] update /opt/lampp/htdocs/mongodb-vue-crud/public/js/app.js in ts language service.
[INFO ] update /opt/lampp/htdocs/mongodb-vue-crud/public/js/app.js in ts language service.
[INFO ] update /opt/lampp/htdocs/mongodb-vue-crud/public/js/app.js in ts language service.
[INFO ] update /opt/lampp/htdocs/mongodb-vue-crud/public/mix-manifest.json in ts language service.
[INFO ] update /opt/lampp/htdocs/mongodb-vue-crud/public/mix-manifest.json in ts language service.
[INFO ] update /opt/lampp/htdocs/mongodb-vue-crud/public/mix-manifest.json in ts language service.
[INFO ] update /opt/lampp/htdocs/mongodb-vue-crud/public/mix-manifest.json in ts language service.
[INFO ] update /opt/lampp/htdocs/mongodb-vue-crud/public/mix-manifest.json in ts language service.
[INFO ] update /opt/lampp/htdocs/mongodb-vue-crud/public/mix-manifest.json in ts language service.
[INFO ] update /opt/lampp/htdocs/mongodb-vue-crud/public/js/app.js in ts language service.
[INFO ] update /opt/lampp/htdocs/mongodb-vue-crud/public/js/app.js in ts language service.
[INFO ] update /opt/lampp/htdocs/mongodb-vue-crud/public/js/app.js in ts language service.
[INFO ] update /opt/lampp/htdocs/mongodb-vue-crud/public/mix-manifest.json in ts language service.
[INFO ] update /opt/lampp/htdocs/mongodb-vue-crud/public/mix-manifest.json in ts language service.
[INFO ] update /opt/lampp/htdocs/mongodb-vue-crud/public/mix-manifest.json in ts language service.
[INFO ] update /opt/lampp/htdocs/mongodb-vue-crud/public/js/app.js in ts language service.
[INFO ] update /opt/lampp/htdocs/mongodb-vue-crud/public/js/app.js in ts language service.
[INFO ] update /opt/lampp/htdocs/mongodb-vue-crud/public/js/app.js in ts language service.
[INFO ] update /opt/lampp/htdocs/mongodb-vue-crud/public/mix-manifest.json in ts language service.
[INFO ] update /opt/lampp/htdocs/mongodb-vue-crud/public/mix-manifest.json in ts language service.
[INFO ] update /opt/lampp/htdocs/mongodb-vue-crud/public/mix-manifest.json in ts language service.
[INFO ] update /opt/lampp/htdocs/mongodb-vue-crud/public/js/app.js in ts language service.
[INFO ] update /opt/lampp/htdocs/mongodb-vue-crud/public/js/app.js in ts language service.
[INFO ] update /opt/lampp/htdocs/mongodb-vue-crud/public/js/app.js in ts language service.
[INFO ] update /opt/lampp/htdocs/mongodb-vue-crud/public/mix-manifest.json in ts language service.
[INFO ] update /opt/lampp/htdocs/mongodb-vue-crud/public/mix-manifest.json in ts language service.
[INFO ] update /opt/lampp/htdocs/mongodb-vue-crud/public/mix-manifest.json in ts language service.
[INFO ] update /opt/lampp/htdocs/mongodb-vue-crud/public/mix-manifest.json in ts language service.
[INFO ] update /opt/lampp/htdocs/mongodb-vue-crud/public/mix-manifest.json in ts language service.
[INFO ] update /opt/lampp/htdocs/mongodb-vue-crud/public/mix-manifest.json in ts language service.
[INFO ] update /opt/lampp/htdocs/mongodb-vue-crud/public/js/app.js in ts language service.
[INFO ] update /opt/lampp/htdocs/mongodb-vue-crud/public/js/app.js in ts language service.
[INFO ] update /opt/lampp/htdocs/mongodb-vue-crud/public/js/app.js in ts language service.
[INFO ] update /opt/lampp/htdocs/mongodb-vue-crud/public/mix-manifest.json in ts language service.
[INFO ] update /opt/lampp/htdocs/mongodb-vue-crud/public/mix-manifest.json in ts language service.
[INFO ] update /opt/lampp/htdocs/mongodb-vue-crud/public/mix-manifest.json in ts language service.
[INFO ] update /opt/lampp/htdocs/mongodb-vue-crud/public/js/app.js in ts language service.
[INFO ] update /opt/lampp/htdocs/mongodb-vue-crud/public/js/app.js in ts language service.
[INFO ] update /opt/lampp/htdocs/mongodb-vue-crud/public/js/app.js in ts language service.
[INFO ] update /opt/lampp/htdocs/mongodb-vue-crud/public/mix-manifest.json in ts language service.
[INFO ] update /opt/lampp/htdocs/mongodb-vue-crud/public/mix-manifest.json in ts language service.
[INFO ] update /opt/lampp/htdocs/mongodb-vue-crud/public/mix-manifest.json in ts language service.
[INFO ] update /opt/lampp/htdocs/mongodb-vue-crud/public/js/app.js in ts language service.
[INFO ] update /opt/lampp/htdocs/mongodb-vue-crud/public/js/app.js in ts language service.
[INFO ] update /opt/lampp/htdocs/mongodb-vue-crud/public/js/app.js in ts language service.
[INFO ] update /opt/lampp/htdocs/mongodb-vue-crud/public/mix-manifest.json in ts language service.
[INFO ] update /opt/lampp/htdocs/mongodb-vue-crud/public/mix-manifest.json in ts language service.
[INFO ] update /opt/lampp/htdocs/mongodb-vue-crud/public/mix-manifest.json in ts language service.
[INFO ] update /opt/lampp/htdocs/mongodb-vue-crud/public/js/app.js in ts language service.
[INFO ] update /opt/lampp/htdocs/mongodb-vue-crud/public/js/app.js in ts language service.
[INFO ] update /opt/lampp/htdocs/mongodb-vue-crud/public/js/app.js in ts language service.
[INFO ] update /opt/lampp/htdocs/mongodb-vue-crud/public/mix-manifest.json in ts language service.
[INFO ] update /opt/lampp/htdocs/mongodb-vue-crud/public/mix-manifest.json in ts language service.
[INFO ] update /opt/lampp/htdocs/mongodb-vue-crud/public/mix-manifest.json in ts language service.
[INFO ] update /opt/lampp/htdocs/mongodb-vue-crud/public/mix-manifest.json in ts language service.
[INFO ] update /opt/lampp/htdocs/mongodb-vue-crud/public/mix-manifest.json in ts language service.
[INFO ] update /opt/lampp/htdocs/mongodb-vue-crud/public/mix-manifest.json in ts language service.
[INFO ] update /opt/lampp/htdocs/mongodb-vue-crud/public/js/app.js in ts language service.
[INFO ] update /opt/lampp/htdocs/mongodb-vue-crud/public/js/app.js in ts language service.
[INFO ] update /opt/lampp/htdocs/mongodb-vue-crud/public/js/app.js in ts language service.
[INFO ] update /opt/lampp/htdocs/mongodb-vue-crud/public/mix-manifest.json in ts language service.
[INFO ] update /opt/lampp/htdocs/mongodb-vue-crud/public/mix-manifest.json in ts language service.
[INFO ] update /opt/lampp/htdocs/mongodb-vue-crud/public/mix-manifest.json in ts language service.
[INFO ] update /opt/lampp/htdocs/mongodb-vue-crud/public/js/app.js in ts language service.
[INFO ] update /opt/lampp/htdocs/mongodb-vue-crud/public/js/app.js in ts language service.
[INFO ] update /opt/lampp/htdocs/mongodb-vue-crud/public/js/app.js in ts language service.
[INFO ] update /opt/lampp/htdocs/mongodb-vue-crud/public/mix-manifest.json in ts language service.
[INFO ] update /opt/lampp/htdocs/mongodb-vue-crud/public/mix-manifest.json in ts language service.
[INFO ] update /opt/lampp/htdocs/mongodb-vue-crud/public/mix-manifest.json in ts language service.
[INFO ] update /opt/lampp/htdocs/mongodb-vue-crud/public/js/app.js in ts language service.
[INFO ] update /opt/lampp/htdocs/mongodb-vue-crud/public/js/app.js in ts language service.
[INFO ] update /opt/lampp/htdocs/mongodb-vue-crud/public/js/app.js in ts language service.
[INFO ] update /opt/lampp/htdocs/mongodb-vue-crud/public/mix-manifest.json in ts language service.
[INFO ] update /opt/lampp/htdocs/mongodb-vue-crud/public/mix-manifest.json in ts language service.
[INFO ] update /opt/lampp/htdocs/mongodb-vue-crud/public/mix-manifest.json in ts language service.
[INFO ] update /opt/lampp/htdocs/mongodb-vue-crud/public/js/app.js in ts language service.
[INFO ] update /opt/lampp/htdocs/mongodb-vue-crud/public/js/app.js in ts language service.
[INFO ] update /opt/lampp/htdocs/mongodb-vue-crud/public/js/app.js in ts language service.
[INFO ] update /opt/lampp/htdocs/mongodb-vue-crud/public/mix-manifest.json in ts language service.
[INFO ] update /opt/lampp/htdocs/mongodb-vue-crud/public/mix-manifest.json in ts language service.
[INFO ] update /opt/lampp/htdocs/mongodb-vue-crud/public/mix-manifest.json in ts language service.
[INFO ] update /opt/lampp/htdocs/mongodb-vue-crud/public/js/app.js in ts language service.
[INFO ] update /opt/lampp/htdocs/mongodb-vue-crud/public/js/app.js in ts language service.
[INFO ] update /opt/lampp/htdocs/mongodb-vue-crud/public/js/app.js in ts language service.
[INFO ] update /opt/lampp/htdocs/mongodb-vue-crud/public/mix-manifest.json in ts language service.
[INFO ] update /opt/lampp/htdocs/mongodb-vue-crud/public/mix-manifest.json in ts language service.
[INFO ] update /opt/lampp/htdocs/mongodb-vue-crud/public/mix-manifest.json in ts language service.
[INFO ] update /opt/lampp/htdocs/mongodb-vue-crud/public/js/app.js in ts language service.
[INFO ] update /opt/lampp/htdocs/mongodb-vue-crud/public/js/app.js in ts language service.
[INFO ] update /opt/lampp/htdocs/mongodb-vue-crud/public/js/app.js in ts language service.
[INFO ] update /opt/lampp/htdocs/mongodb-vue-crud/public/mix-manifest.json in ts language service.
[INFO ] update /opt/lampp/htdocs/mongodb-vue-crud/public/mix-manifest.json in ts language service.
[INFO ] update /opt/lampp/htdocs/mongodb-vue-crud/public/mix-manifest.json in ts language service.
[INFO ] update /opt/lampp/htdocs/mongodb-vue-crud/public/mix-manifest.json in ts language service.
[INFO ] update /opt/lampp/htdocs/mongodb-vue-crud/public/mix-manifest.json in ts language service.
[INFO ] update /opt/lampp/htdocs/mongodb-vue-crud/public/mix-manifest.json in ts language service.
[INFO ] update /opt/lampp/htdocs/mongodb-vue-crud/public/js/app.js in ts language service.
[INFO ] update /opt/lampp/htdocs/mongodb-vue-crud/public/js/app.js in ts language service.
[INFO ] update /opt/lampp/htdocs/mongodb-vue-crud/public/js/app.js in ts language service.
[INFO ] update /opt/lampp/htdocs/mongodb-vue-crud/public/mix-manifest.json in ts language service.
[INFO ] update /opt/lampp/htdocs/mongodb-vue-crud/public/mix-manifest.json in ts language service.
[INFO ] update /opt/lampp/htdocs/mongodb-vue-crud/public/mix-manifest.json in ts language service.
[INFO ] update /opt/lampp/htdocs/mongodb-vue-crud/public/js/app.js in ts language service.
[INFO ] update /opt/lampp/htdocs/mongodb-vue-crud/public/js/app.js in ts language service.
[INFO ] update /opt/lampp/htdocs/mongodb-vue-crud/public/js/app.js in ts language service.
[INFO ] update /opt/lampp/htdocs/mongodb-vue-crud/public/mix-manifest.json in ts language service.
[INFO ] update /opt/lampp/htdocs/mongodb-vue-crud/public/mix-manifest.json in ts language service.
[INFO ] update /opt/lampp/htdocs/mongodb-vue-crud/public/mix-manifest.json in ts language service.
[INFO ] update /opt/lampp/htdocs/mongodb-vue-crud/public/js/app.js in ts language service.
[INFO ] update /opt/lampp/htdocs/mongodb-vue-crud/public/js/app.js in ts language service.
[INFO ] update /opt/lampp/htdocs/mongodb-vue-crud/public/js/app.js in ts language service.
[INFO ] update /opt/lampp/htdocs/mongodb-vue-crud/public/mix-manifest.json in ts language service.
[INFO ] update /opt/lampp/htdocs/mongodb-vue-crud/public/mix-manifest.json in ts language service.
[INFO ] update /opt/lampp/htdocs/mongodb-vue-crud/public/mix-manifest.json in ts language service.
[INFO ] update /opt/lampp/htdocs/mongodb-vue-crud/public/js/app.js in ts language service.
[INFO ] update /opt/lampp/htdocs/mongodb-vue-crud/public/js/app.js in ts language service.
[INFO ] update /opt/lampp/htdocs/mongodb-vue-crud/public/js/app.js in ts language service.
[INFO ] update /opt/lampp/htdocs/mongodb-vue-crud/public/mix-manifest.json in ts language service.
[INFO ] update /opt/lampp/htdocs/mongodb-vue-crud/public/mix-manifest.json in ts language service.
[INFO ] update /opt/lampp/htdocs/mongodb-vue-crud/public/mix-manifest.json in ts language service.
[INFO ] update /opt/lampp/htdocs/mongodb-vue-crud/public/js/app.js in ts language service.
[INFO ] update /opt/lampp/htdocs/mongodb-vue-crud/public/js/app.js in ts language service.
[INFO ] update /opt/lampp/htdocs/mongodb-vue-crud/public/js/app.js in ts language service.
[INFO ] update /opt/lampp/htdocs/mongodb-vue-crud/public/mix-manifest.json in ts language service.
[INFO ] update /opt/lampp/htdocs/mongodb-vue-crud/public/mix-manifest.json in ts language service.
[INFO ] update /opt/lampp/htdocs/mongodb-vue-crud/public/mix-manifest.json in ts language service.
[INFO ] update /opt/lampp/htdocs/mongodb-vue-crud/public/js/app.js in ts language service.
[INFO ] update /opt/lampp/htdocs/mongodb-vue-crud/public/js/app.js in ts language service.
[INFO ] update /opt/lampp/htdocs/mongodb-vue-crud/public/js/app.js in ts language service.
[INFO ] update /opt/lampp/htdocs/mongodb-vue-crud/public/mix-manifest.json in ts language service.
[INFO ] update /opt/lampp/htdocs/mongodb-vue-crud/public/mix-manifest.json in ts language service.
[INFO ] update /opt/lampp/htdocs/mongodb-vue-crud/public/mix-manifest.json in ts language service.
[INFO ] update /opt/lampp/htdocs/mongodb-vue-crud/public/js/app.js in ts language service.
[INFO ] update /opt/lampp/htdocs/mongodb-vue-crud/public/js/app.js in ts language service.
[INFO ] update /opt/lampp/htdocs/mongodb-vue-crud/public/js/app.js in ts language service.
[INFO ] update /opt/lampp/htdocs/mongodb-vue-crud/public/mix-manifest.json in ts language service.
[INFO ] update /opt/lampp/htdocs/mongodb-vue-crud/public/mix-manifest.json in ts language service.
[INFO ] update /opt/lampp/htdocs/mongodb-vue-crud/public/mix-manifest.json in ts language service.
[INFO ] update /opt/lampp/htdocs/mongodb-vue-crud/public/js/app.js in ts language service.
[INFO ] update /opt/lampp/htdocs/mongodb-vue-crud/public/js/app.js in ts language service.
[INFO ] update /opt/lampp/htdocs/mongodb-vue-crud/public/js/app.js in ts language service.
[INFO ] update /opt/lampp/htdocs/mongodb-vue-crud/public/mix-manifest.json in ts language service.
[INFO ] update /opt/lampp/htdocs/mongodb-vue-crud/public/mix-manifest.json in ts language service.
[INFO ] update /opt/lampp/htdocs/mongodb-vue-crud/public/mix-manifest.json in ts language service.
[INFO ] update /opt/lampp/htdocs/mongodb-vue-crud/public/js/app.js in ts language service.
[INFO ] update /opt/lampp/htdocs/mongodb-vue-crud/public/js/app.js in ts language service.
[INFO ] update /opt/lampp/htdocs/mongodb-vue-crud/public/js/app.js in ts language service.
[INFO ] update /opt/lampp/htdocs/mongodb-vue-crud/public/mix-manifest.json in ts language service.
[INFO ] update /opt/lampp/htdocs/mongodb-vue-crud/public/mix-manifest.json in ts language service.
[INFO ] update /opt/lampp/htdocs/mongodb-vue-crud/public/mix-manifest.json in ts language service.
[INFO ] update /opt/lampp/htdocs/mongodb-vue-crud/public/js/app.js in ts language service.
[INFO ] update /opt/lampp/htdocs/mongodb-vue-crud/public/js/app.js in ts language service.
[INFO ] update /opt/lampp/htdocs/mongodb-vue-crud/public/js/app.js in ts language service.
[INFO ] update /opt/lampp/htdocs/mongodb-vue-crud/public/mix-manifest.json in ts language service.
[INFO ] update /opt/lampp/htdocs/mongodb-vue-crud/public/mix-manifest.json in ts language service.
[INFO ] update /opt/lampp/htdocs/mongodb-vue-crud/public/mix-manifest.json in ts language service.
[INFO ] update /opt/lampp/htdocs/mongodb-vue-crud/public/js/app.js in ts language service.
[INFO ] update /opt/lampp/htdocs/mongodb-vue-crud/public/js/app.js in ts language service.
[INFO ] update /opt/lampp/htdocs/mongodb-vue-crud/public/js/app.js in ts language service.
[INFO ] update /opt/lampp/htdocs/mongodb-vue-crud/public/mix-manifest.json in ts language service.
[INFO ] update /opt/lampp/htdocs/mongodb-vue-crud/public/mix-manifest.json in ts language service.
[INFO ] update /opt/lampp/htdocs/mongodb-vue-crud/public/mix-manifest.json in ts language service.
[INFO ] update /opt/lampp/htdocs/mongodb-vue-crud/public/js/app.js in ts language service.
[INFO ] update /opt/lampp/htdocs/mongodb-vue-crud/public/js/app.js in ts language service.
[INFO ] update /opt/lampp/htdocs/mongodb-vue-crud/public/js/app.js in ts language service.
[INFO ] update /opt/lampp/htdocs/mongodb-vue-crud/public/mix-manifest.json in ts language service.
[INFO ] update /opt/lampp/htdocs/mongodb-vue-crud/public/mix-manifest.json in ts language service.
[INFO ] update /opt/lampp/htdocs/mongodb-vue-crud/public/mix-manifest.json in ts language service.
[INFO ] update /opt/lampp/htdocs/mongodb-vue-crud/public/js/app.js in ts language service.
[INFO ] update /opt/lampp/htdocs/mongodb-vue-crud/public/js/app.js in ts language service.
[INFO ] update /opt/lampp/htdocs/mongodb-vue-crud/public/js/app.js in ts language service.
[INFO ] update /opt/lampp/htdocs/mongodb-vue-crud/package-lock.json in ts language service.
[INFO ] update /opt/lampp/htdocs/mongodb-vue-crud/package-lock.json in ts language service.
[INFO ] update /opt/lampp/htdocs/mongodb-vue-crud/package-lock.json in ts language service.
[INFO ] update /opt/lampp/htdocs/mongodb-vue-crud/package.json in ts language service.
[INFO ] update /opt/lampp/htdocs/mongodb-vue-crud/package.json in ts language service.
[INFO ] update /opt/lampp/htdocs/mongodb-vue-crud/package.json in ts language service.
[INFO ] update /opt/lampp/htdocs/mongodb-vue-crud/public/mix-manifest.json in ts language service.
[INFO ] update /opt/lampp/htdocs/mongodb-vue-crud/public/mix-manifest.json in ts language service.
[INFO ] update /opt/lampp/htdocs/mongodb-vue-crud/public/mix-manifest.json in ts language service.
[INFO ] update /opt/lampp/htdocs/mongodb-vue-crud/package-lock.json in ts language service.
[INFO ] update /opt/lampp/htdocs/mongodb-vue-crud/package-lock.json in ts language service.
[INFO ] update /opt/lampp/htdocs/mongodb-vue-crud/package-lock.json in ts language service.
[INFO ] update /opt/lampp/htdocs/mongodb-vue-crud/package.json in ts language service.
[INFO ] update /opt/lampp/htdocs/mongodb-vue-crud/package.json in ts language service.
[INFO ] update /opt/lampp/htdocs/mongodb-vue-crud/package.json in ts language service.
[INFO ] update /opt/lampp/htdocs/mongodb-vue-crud/public/mix-manifest.json in ts language service.
[INFO ] update /opt/lampp/htdocs/mongodb-vue-crud/public/mix-manifest.json in ts language service.
[INFO ] update /opt/lampp/htdocs/mongodb-vue-crud/public/mix-manifest.json in ts language service.
[INFO ] update /opt/lampp/htdocs/mongodb-vue-crud/package-lock.json in ts language service.
[INFO ] update /opt/lampp/htdocs/mongodb-vue-crud/package-lock.json in ts language service.
[INFO ] update /opt/lampp/htdocs/mongodb-vue-crud/package-lock.json in ts language service.
[INFO ] update /opt/lampp/htdocs/mongodb-vue-crud/resources/js/app.js in ts language service.
[INFO ] update /opt/lampp/htdocs/mongodb-vue-crud/resources/js/app.js in ts language service.
[INFO ] update /opt/lampp/htdocs/mongodb-vue-crud/resources/js/app.js in ts language service.
[INFO ] update /opt/lampp/htdocs/mongodb-vue-crud/public/mix-manifest.json in ts language service.
[INFO ] update /opt/lampp/htdocs/mongodb-vue-crud/public/mix-manifest.json in ts language service.
[INFO ] update /opt/lampp/htdocs/mongodb-vue-crud/public/mix-manifest.json in ts language service.
[INFO ] update /opt/lampp/htdocs/mongodb-vue-crud/public/js/app.js in ts language service.
[INFO ] update /opt/lampp/htdocs/mongodb-vue-crud/public/js/app.js in ts language service.
[INFO ] update /opt/lampp/htdocs/mongodb-vue-crud/public/js/app.js in ts language service.
[INFO ] update /opt/lampp/htdocs/mongodb-vue-crud/resources/js/app.js in ts language service.
[INFO ] update /opt/lampp/htdocs/mongodb-vue-crud/resources/js/app.js in ts language service.
[INFO ] update /opt/lampp/htdocs/mongodb-vue-crud/resources/js/app.js in ts language service.
[INFO ] update /opt/lampp/htdocs/mongodb-vue-crud/public/mix-manifest.json in ts language service.
[INFO ] update /opt/lampp/htdocs/mongodb-vue-crud/public/mix-manifest.json in ts language service.
[INFO ] update /opt/lampp/htdocs/mongodb-vue-crud/public/mix-manifest.json in ts language service.
[INFO ] update /opt/lampp/htdocs/mongodb-vue-crud/public/js/app.js in ts language service.
[INFO ] update /opt/lampp/htdocs/mongodb-vue-crud/public/js/app.js in ts language service.
[INFO ] update /opt/lampp/htdocs/mongodb-vue-crud/public/js/app.js in ts language service.
[INFO ] update /opt/lampp/htdocs/mongodb-vue-crud/resources/js/app.js in ts language service.
[INFO ] update /opt/lampp/htdocs/mongodb-vue-crud/resources/js/app.js in ts language service.
[INFO ] update /opt/lampp/htdocs/mongodb-vue-crud/resources/js/app.js in ts language service.
[INFO ] update /opt/lampp/htdocs/mongodb-vue-crud/public/mix-manifest.json in ts language service.
[INFO ] update /opt/lampp/htdocs/mongodb-vue-crud/public/mix-manifest.json in ts language service.
[INFO ] update /opt/lampp/htdocs/mongodb-vue-crud/public/mix-manifest.json in ts language service.
[INFO ] update /opt/lampp/htdocs/mongodb-vue-crud/resources/js/app.js in ts language service.
[INFO ] update /opt/lampp/htdocs/mongodb-vue-crud/resources/js/app.js in ts language service.
[INFO ] update /opt/lampp/htdocs/mongodb-vue-crud/resources/js/app.js in ts language service.
[INFO ] update /opt/lampp/htdocs/mongodb-vue-crud/resources/js/app.js in ts language service.
[INFO ] update /opt/lampp/htdocs/mongodb-vue-crud/resources/js/app.js in ts language service.
[INFO ] update /opt/lampp/htdocs/mongodb-vue-crud/resources/js/app.js in ts language service.
[INFO ] update /opt/lampp/htdocs/mongodb-vue-crud/public/mix-manifest.json in ts language service.
[INFO ] update /opt/lampp/htdocs/mongodb-vue-crud/public/mix-manifest.json in ts language service.
[INFO ] update /opt/lampp/htdocs/mongodb-vue-crud/public/mix-manifest.json in ts language service.
[INFO ] update /opt/lampp/htdocs/mongodb-vue-crud/public/js/app.js in ts language service.
[INFO ] update /opt/lampp/htdocs/mongodb-vue-crud/public/js/app.js in ts language service.
[INFO ] update /opt/lampp/htdocs/mongodb-vue-crud/public/js/app.js in ts language service.
[INFO ] update /opt/lampp/htdocs/mongodb-vue-crud/resources/js/app.js in ts language service.
[INFO ] update /opt/lampp/htdocs/mongodb-vue-crud/resources/js/app.js in ts language service.
[INFO ] update /opt/lampp/htdocs/mongodb-vue-crud/resources/js/app.js in ts language service.
[INFO ] update /opt/lampp/htdocs/mongodb-vue-crud/resources/js/app.js in ts language service.
[INFO ] update /opt/lampp/htdocs/mongodb-vue-crud/resources/js/app.js in ts language service.
[INFO ] update /opt/lampp/htdocs/mongodb-vue-crud/resources/js/app.js in ts language service.
[INFO ] update /opt/lampp/htdocs/mongodb-vue-crud/public/mix-manifest.json in ts language service.
[INFO ] update /opt/lampp/htdocs/mongodb-vue-crud/public/mix-manifest.json in ts language service.
[INFO ] update /opt/lampp/htdocs/mongodb-vue-crud/public/mix-manifest.json in ts language service.
[INFO ] update /opt/lampp/htdocs/mongodb-vue-crud/resources/js/app.js in ts language service.
[INFO ] update /opt/lampp/htdocs/mongodb-vue-crud/resources/js/app.js in ts language service.
[INFO ] update /opt/lampp/htdocs/mongodb-vue-crud/resources/js/app.js in ts language service.
[INFO ] update /opt/lampp/htdocs/mongodb-vue-crud/public/mix-manifest.json in ts language service.
[INFO ] update /opt/lampp/htdocs/mongodb-vue-crud/public/mix-manifest.json in ts language service.
[INFO ] update /opt/lampp/htdocs/mongodb-vue-crud/public/mix-manifest.json in ts language service.
[INFO ] update /opt/lampp/htdocs/mongodb-vue-crud/public/js/app.js in ts language service.
[INFO ] update /opt/lampp/htdocs/mongodb-vue-crud/public/js/app.js in ts language service.
[INFO ] update /opt/lampp/htdocs/mongodb-vue-crud/public/js/app.js in ts language service.
[INFO ] update /opt/lampp/htdocs/mongodb-vue-crud/resources/js/app.js in ts language service.
[INFO ] update /opt/lampp/htdocs/mongodb-vue-crud/resources/js/app.js in ts language service.
[INFO ] update /opt/lampp/htdocs/mongodb-vue-crud/resources/js/app.js in ts language service.
[INFO ] update /opt/lampp/htdocs/mongodb-vue-crud/resources/js/app.js in ts language service.
[INFO ] update /opt/lampp/htdocs/mongodb-vue-crud/resources/js/app.js in ts language service.
[INFO ] update /opt/lampp/htdocs/mongodb-vue-crud/resources/js/app.js in ts language service.
[INFO ] update /opt/lampp/htdocs/mongodb-vue-crud/public/mix-manifest.json in ts language service.
[INFO ] update /opt/lampp/htdocs/mongodb-vue-crud/public/mix-manifest.json in ts language service.
[INFO ] update /opt/lampp/htdocs/mongodb-vue-crud/public/mix-manifest.json in ts language service.
[INFO ] update /opt/lampp/htdocs/mongodb-vue-crud/resources/js/app.js in ts language service.
[INFO ] update /opt/lampp/htdocs/mongodb-vue-crud/resources/js/app.js in ts language service.
[INFO ] update /opt/lampp/htdocs/mongodb-vue-crud/resources/js/app.js in ts language service.
[INFO ] update /opt/lampp/htdocs/mongodb-vue-crud/public/mix-manifest.json in ts language service.
[INFO ] update /opt/lampp/htdocs/mongodb-vue-crud/public/mix-manifest.json in ts language service.
[INFO ] update /opt/lampp/htdocs/mongodb-vue-crud/public/mix-manifest.json in ts language service.
[INFO ] update /opt/lampp/htdocs/mongodb-vue-crud/resources/js/app.js in ts language service.
[INFO ] update /opt/lampp/htdocs/mongodb-vue-crud/resources/js/app.js in ts language service.
[INFO ] update /opt/lampp/htdocs/mongodb-vue-crud/resources/js/app.js in ts language service.
[INFO ] update /opt/lampp/htdocs/mongodb-vue-crud/public/mix-manifest.json in ts language service.
[INFO ] update /opt/lampp/htdocs/mongodb-vue-crud/public/mix-manifest.json in ts language service.
[INFO ] update /opt/lampp/htdocs/mongodb-vue-crud/public/mix-manifest.json in ts language service.
[INFO ] update /opt/lampp/htdocs/mongodb-vue-crud/public/js/app.js in ts language service.
[INFO ] update /opt/lampp/htdocs/mongodb-vue-crud/public/js/app.js in ts language service.
[INFO ] update /opt/lampp/htdocs/mongodb-vue-crud/public/js/app.js in ts language service.
[INFO ] update /opt/lampp/htdocs/mongodb-vue-crud/resources/js/app.js in ts language service.
[INFO ] update /opt/lampp/htdocs/mongodb-vue-crud/resources/js/app.js in ts language service.
[INFO ] update /opt/lampp/htdocs/mongodb-vue-crud/resources/js/app.js in ts language service.
[INFO ] update /opt/lampp/htdocs/mongodb-vue-crud/public/mix-manifest.json in ts language service.
[INFO ] update /opt/lampp/htdocs/mongodb-vue-crud/public/mix-manifest.json in ts language service.
[INFO ] update /opt/lampp/htdocs/mongodb-vue-crud/public/mix-manifest.json in ts language service.
[INFO ] update /opt/lampp/htdocs/mongodb-vue-crud/public/js/app.js in ts language service.
[INFO ] update /opt/lampp/htdocs/mongodb-vue-crud/public/js/app.js in ts language service.
[INFO ] update /opt/lampp/htdocs/mongodb-vue-crud/public/js/app.js in ts language service.
[INFO ] update /opt/lampp/htdocs/mongodb-vue-crud/resources/js/app.js in ts language service.
[INFO ] update /opt/lampp/htdocs/mongodb-vue-crud/resources/js/app.js in ts language service.
[INFO ] update /opt/lampp/htdocs/mongodb-vue-crud/resources/js/app.js in ts language service.
[INFO ] update /opt/lampp/htdocs/mongodb-vue-crud/resources/js/app.js in ts language service.
[INFO ] update /opt/lampp/htdocs/mongodb-vue-crud/resources/js/app.js in ts language service.
[INFO ] update /opt/lampp/htdocs/mongodb-vue-crud/resources/js/app.js in ts language service.
[INFO ] update /opt/lampp/htdocs/mongodb-vue-crud/public/mix-manifest.json in ts language service.
[INFO ] update /opt/lampp/htdocs/mongodb-vue-crud/public/mix-manifest.json in ts language service.
[INFO ] update /opt/lampp/htdocs/mongodb-vue-crud/public/mix-manifest.json in ts language service.
[INFO ] update /opt/lampp/htdocs/mongodb-vue-crud/public/js/app.js in ts language service.
[INFO ] update /opt/lampp/htdocs/mongodb-vue-crud/public/js/app.js in ts language service.
[INFO ] update /opt/lampp/htdocs/mongodb-vue-crud/public/js/app.js in ts language service.
[INFO ] update /opt/lampp/htdocs/mongodb-vue-crud/public/mix-manifest.json in ts language service.
[INFO ] update /opt/lampp/htdocs/mongodb-vue-crud/public/mix-manifest.json in ts language service.
[INFO ] update /opt/lampp/htdocs/mongodb-vue-crud/public/mix-manifest.json in ts language service.
[INFO ] update /opt/lampp/htdocs/mongodb-vue-crud/resources/js/app.js in ts language service.
[INFO ] update /opt/lampp/htdocs/mongodb-vue-crud/resources/js/app.js in ts language service.
[INFO ] update /opt/lampp/htdocs/mongodb-vue-crud/resources/js/app.js in ts language service.
[INFO ] update /opt/lampp/htdocs/mongodb-vue-crud/resources/js/app.js in ts language service.
[INFO ] update /opt/lampp/htdocs/mongodb-vue-crud/resources/js/app.js in ts language service.
[INFO ] update /opt/lampp/htdocs/mongodb-vue-crud/resources/js/app.js in ts language service.
[INFO ] update /opt/lampp/htdocs/mongodb-vue-crud/public/mix-manifest.json in ts language service.
[INFO ] update /opt/lampp/htdocs/mongodb-vue-crud/public/mix-manifest.json in ts language service.
[INFO ] update /opt/lampp/htdocs/mongodb-vue-crud/public/mix-manifest.json in ts language service.
[INFO ] update /opt/lampp/htdocs/mongodb-vue-crud/public/js/app.js in ts language service.
[INFO ] update /opt/lampp/htdocs/mongodb-vue-crud/public/js/app.js in ts language service.
[INFO ] update /opt/lampp/htdocs/mongodb-vue-crud/public/js/app.js in ts language service.
[INFO ] update /opt/lampp/htdocs/mongodb-vue-crud/resources/js/app.js in ts language service.
[INFO ] update /opt/lampp/htdocs/mongodb-vue-crud/resources/js/app.js in ts language service.
[INFO ] update /opt/lampp/htdocs/mongodb-vue-crud/resources/js/app.js in ts language service.
[INFO ] update /opt/lampp/htdocs/mongodb-vue-crud/resources/js/app.js in ts language service.
[INFO ] update /opt/lampp/htdocs/mongodb-vue-crud/resources/js/app.js in ts language service.
[INFO ] update /opt/lampp/htdocs/mongodb-vue-crud/resources/js/app.js in ts language service.
[INFO ] update /opt/lampp/htdocs/mongodb-vue-crud/public/mix-manifest.json in ts language service.
[INFO ] update /opt/lampp/htdocs/mongodb-vue-crud/public/mix-manifest.json in ts language service.
[INFO ] update /opt/lampp/htdocs/mongodb-vue-crud/public/mix-manifest.json in ts language service.
[INFO ] update /opt/lampp/htdocs/mongodb-vue-crud/public/js/app.js in ts language service.
[INFO ] update /opt/lampp/htdocs/mongodb-vue-crud/public/js/app.js in ts language service.
[INFO ] update /opt/lampp/htdocs/mongodb-vue-crud/public/js/app.js in ts language service.
[INFO ] update /opt/lampp/htdocs/mongodb-vue-crud/public/mix-manifest.json in ts language service.
[INFO ] update /opt/lampp/htdocs/mongodb-vue-crud/public/mix-manifest.json in ts language service.
[INFO ] update /opt/lampp/htdocs/mongodb-vue-crud/public/mix-manifest.json in ts language service.
[INFO ] update /opt/lampp/htdocs/mongodb-vue-crud/package-lock.json in ts language service.
[INFO ] update /opt/lampp/htdocs/mongodb-vue-crud/package-lock.json in ts language service.
[INFO ] update /opt/lampp/htdocs/mongodb-vue-crud/package-lock.json in ts language service.
[INFO ] update /opt/lampp/htdocs/mongodb-vue-crud/package.json in ts language service.
[INFO ] update /opt/lampp/htdocs/mongodb-vue-crud/package.json in ts language service.
[INFO ] update /opt/lampp/htdocs/mongodb-vue-crud/package.json in ts language service.
[INFO ] update /opt/lampp/htdocs/mongodb-vue-crud/package.json in ts language service.
[INFO ] update /opt/lampp/htdocs/mongodb-vue-crud/package.json in ts language service.
[INFO ] update /opt/lampp/htdocs/mongodb-vue-crud/package.json in ts language service.
[INFO ] update /opt/lampp/htdocs/mongodb-vue-crud/package.json in ts language service.
[INFO ] update /opt/lampp/htdocs/mongodb-vue-crud/package.json in ts language service.
[INFO ] update /opt/lampp/htdocs/mongodb-vue-crud/package.json in ts language service.
[INFO ] update /opt/lampp/htdocs/mongodb-vue-crud/public/mix-manifest.json in ts language service.
[INFO ] update /opt/lampp/htdocs/mongodb-vue-crud/public/mix-manifest.json in ts language service.
[INFO ] update /opt/lampp/htdocs/mongodb-vue-crud/public/mix-manifest.json in ts language service.
[INFO ] update /opt/lampp/htdocs/mongodb-vue-crud/resources/js/app.js in ts language service.
[INFO ] update /opt/lampp/htdocs/mongodb-vue-crud/resources/js/app.js in ts language service.
[INFO ] update /opt/lampp/htdocs/mongodb-vue-crud/resources/js/app.js in ts language service.
[INFO ] update /opt/lampp/htdocs/mongodb-vue-crud/resources/js/app.js in ts language service.
[INFO ] update /opt/lampp/htdocs/mongodb-vue-crud/resources/js/app.js in ts language service.
[INFO ] update /opt/lampp/htdocs/mongodb-vue-crud/resources/js/app.js in ts language service.
[INFO ] update /opt/lampp/htdocs/mongodb-vue-crud/public/mix-manifest.json in ts language service.
[INFO ] update /opt/lampp/htdocs/mongodb-vue-crud/public/mix-manifest.json in ts language service.
[INFO ] update /opt/lampp/htdocs/mongodb-vue-crud/public/mix-manifest.json in ts language service.
[INFO ] update /opt/lampp/htdocs/mongodb-vue-crud/public/js/app.js in ts language service.
[INFO ] update /opt/lampp/htdocs/mongodb-vue-crud/public/js/app.js in ts language service.
[INFO ] update /opt/lampp/htdocs/mongodb-vue-crud/public/js/app.js in ts language service.
[INFO ] update /opt/lampp/htdocs/mongodb-vue-crud/resources/js/app.js in ts language service.
[INFO ] update /opt/lampp/htdocs/mongodb-vue-crud/resources/js/app.js in ts language service.
[INFO ] update /opt/lampp/htdocs/mongodb-vue-crud/resources/js/app.js in ts language service.
[INFO ] update /opt/lampp/htdocs/mongodb-vue-crud/resources/js/app.js in ts language service.
[INFO ] update /opt/lampp/htdocs/mongodb-vue-crud/resources/js/app.js in ts language service.
[INFO ] update /opt/lampp/htdocs/mongodb-vue-crud/resources/js/app.js in ts language service.
[INFO ] update /opt/lampp/htdocs/mongodb-vue-crud/public/mix-manifest.json in ts language service.
[INFO ] update /opt/lampp/htdocs/mongodb-vue-crud/public/mix-manifest.json in ts language service.
[INFO ] update /opt/lampp/htdocs/mongodb-vue-crud/public/mix-manifest.json in ts language service.
[INFO ] update /opt/lampp/htdocs/mongodb-vue-crud/public/js/app.js in ts language service.
[INFO ] update /opt/lampp/htdocs/mongodb-vue-crud/public/js/app.js in ts language service.
[INFO ] update /opt/lampp/htdocs/mongodb-vue-crud/public/js/app.js in ts language service.
[INFO ] update /opt/lampp/htdocs/mongodb-vue-crud/resources/js/app.js in ts language service.
[INFO ] update /opt/lampp/htdocs/mongodb-vue-crud/resources/js/app.js in ts language service.
[INFO ] update /opt/lampp/htdocs/mongodb-vue-crud/resources/js/app.js in ts language service.
[INFO ] update /opt/lampp/htdocs/mongodb-vue-crud/resources/js/app.js in ts language service.
[INFO ] update /opt/lampp/htdocs/mongodb-vue-crud/resources/js/app.js in ts language service.
[INFO ] update /opt/lampp/htdocs/mongodb-vue-crud/resources/js/app.js in ts language service.
[INFO ] update /opt/lampp/htdocs/mongodb-vue-crud/public/mix-manifest.json in ts language service.
[INFO ] update /opt/lampp/htdocs/mongodb-vue-crud/public/mix-manifest.json in ts language service.
[INFO ] update /opt/lampp/htdocs/mongodb-vue-crud/public/mix-manifest.json in ts language service.
[INFO ] update /opt/lampp/htdocs/mongodb-vue-crud/public/js/app.js in ts language service.
[INFO ] update /opt/lampp/htdocs/mongodb-vue-crud/public/js/app.js in ts language service.
[INFO ] update /opt/lampp/htdocs/mongodb-vue-crud/public/js/app.js in ts language service.
[INFO ] update /opt/lampp/htdocs/mongodb-vue-crud/public/mix-manifest.json in ts language service.
[INFO ] update /opt/lampp/htdocs/mongodb-vue-crud/public/mix-manifest.json in ts language service.
[INFO ] update /opt/lampp/htdocs/mongodb-vue-crud/public/mix-manifest.json in ts language service.
