Initializing document watcher...
undefined: {}
mongodb-vue-crud/routes/web.php: {}
mongodb-vue-crud/routes/web.php: {}
mongodb-vue-crud/resources/views/app.blade.php: {}
mongodb-vue-crud/resources/views/app.blade.php: Using EditorConfig core...
mongodb-vue-crud/resources/views/app.blade.php: Using EditorConfig core...
mongodb-vue-crud/resources/views/app.blade.php: Using EditorConfig core...
mongodb-vue-crud/resources/views/app.blade.php: Using EditorConfig core...
mongodb-vue-crud/resources/views/app.blade.php: {}
mongodb-vue-crud/resources/views/app.blade.php: Using EditorConfig core...
mongodb-vue-crud/resources/views/app.blade.php: Using EditorConfig core...
mongodb-vue-crud/resources/views/app.blade.php: Using EditorConfig core...
mongodb-vue-crud/resources/views/app.blade.php: {}
mongodb-vue-crud/resources/js/Components/Table/UsersTableComponent.vue: {}
mongodb-vue-crud/resources/js/Components/Table/UsersTableComponent.vue: Using EditorConfig core...
mongodb-vue-crud/resources/js/Components/Table/UsersTableComponent.vue: Using EditorConfig core...
mongodb-vue-crud/resources/js/Components/Table/UsersTableComponent.vue: Using EditorConfig core...
mongodb-vue-crud/resources/js/Components/Table/UsersTableComponent.vue: Using EditorConfig core...
mongodb-vue-crud/resources/js/Pages/HomeComponent.vue: {}
mongodb-vue-crud/resources/js/Pages/HomeComponent.vue: Using EditorConfig core...
mongodb-vue-crud/resources/js/Pages/HomeComponent.vue: Using EditorConfig core...
mongodb-vue-crud/resources/js/Pages/HomeComponent.vue: Using EditorConfig core...
mongodb-vue-crud/resources/js/Pages/HomeComponent.vue: Using EditorConfig core...
mongodb-vue-crud/resources/js/Pages/HomeComponent.vue: Using EditorConfig core...
mongodb-vue-crud/resources/js/Pages/HomeComponent.vue: Using EditorConfig core...
mongodb-vue-crud/resources/js/Pages/HomeComponent.vue: Using EditorConfig core...
mongodb-vue-crud/resources/js/Pages/HomeComponent.vue: Using EditorConfig core...
mongodb-vue-crud/resources/js/Pages/HomeComponent.vue: Using EditorConfig core...
mongodb-vue-crud/resources/js/Pages/HomeComponent.vue: Using EditorConfig core...
mongodb-vue-crud/resources/js/Pages/HomeComponent.vue: Using EditorConfig core...
mongodb-vue-crud/resources/js/Pages/HomeComponent.vue: Using EditorConfig core...
mongodb-vue-crud/resources/js/Pages/HomeComponent.vue: Using EditorConfig core...
mongodb-vue-crud/resources/js/Pages/HomeComponent.vue: Using EditorConfig core...
mongodb-vue-crud/resources/js/Pages/HomeComponent.vue: Using EditorConfig core...
mongodb-vue-crud/resources/js/Pages/HomeComponent.vue: Using EditorConfig core...
mongodb-vue-crud/resources/js/Pages/HomeComponent.vue: Using EditorConfig core...
mongodb-vue-crud/resources/js/Components/Table/UsersTableComponent.vue: {}
mongodb-vue-crud/resources/js/Pages/HomeComponent.vue: {}
mongodb-vue-crud/resources/js/Pages/HomeComponent.vue: Using EditorConfig core...
mongodb-vue-crud/resources/js/Pages/HomeComponent.vue: Using EditorConfig core...
mongodb-vue-crud/resources/js/Pages/HomeComponent.vue: Using EditorConfig core...
mongodb-vue-crud/resources/js/Pages/HomeComponent.vue: Using EditorConfig core...
mongodb-vue-crud/resources/js/Pages/HomeComponent.vue: Using EditorConfig core...
mongodb-vue-crud/resources/js/Pages/HomeComponent.vue: Using EditorConfig core...
mongodb-vue-crud/resources/js/Pages/HomeComponent.vue: Using EditorConfig core...
mongodb-vue-crud/resources/js/Pages/HomeComponent.vue: Using EditorConfig core...
mongodb-vue-crud/resources/js/Pages/HomeComponent.vue: Using EditorConfig core...
mongodb-vue-crud/resources/js/Pages/HomeComponent.vue: Using EditorConfig core...
mongodb-vue-crud/resources/js/Pages/HomeComponent.vue: Using EditorConfig core...
mongodb-vue-crud/resources/js/Pages/HomeComponent.vue: Using EditorConfig core...
mongodb-vue-crud/resources/js/Pages/HomeComponent.vue: Using EditorConfig core...
mongodb-vue-crud/resources/js/Pages/HomeComponent.vue: Using EditorConfig core...
mongodb-vue-crud/resources/js/Pages/HomeComponent.vue: Using EditorConfig core...
mongodb-vue-crud/resources/js/Pages/HomeComponent.vue: Using EditorConfig core...
mongodb-vue-crud/resources/js/Pages/HomeComponent.vue: Using EditorConfig core...
mongodb-vue-crud/resources/js/Pages/HomeComponent.vue: Using EditorConfig core...
mongodb-vue-crud/resources/js/Pages/HomeComponent.vue: Using EditorConfig core...
mongodb-vue-crud/resources/js/Pages/HomeComponent.vue: Using EditorConfig core...
mongodb-vue-crud/resources/js/Pages/HomeComponent.vue: Using EditorConfig core...
mongodb-vue-crud/resources/js/Pages/HomeComponent.vue: Using EditorConfig core...
mongodb-vue-crud/resources/js/Pages/HomeComponent.vue: Using EditorConfig core...
mongodb-vue-crud/resources/js/Pages/HomeComponent.vue: Using EditorConfig core...
mongodb-vue-crud/resources/js/Pages/HomeComponent.vue: Using EditorConfig core...
mongodb-vue-crud/resources/js/Pages/HomeComponent.vue: Using EditorConfig core...
mongodb-vue-crud/resources/js/Pages/HomeComponent.vue: Using EditorConfig core...
mongodb-vue-crud/resources/js/Pages/HomeComponent.vue: Using EditorConfig core...
mongodb-vue-crud/resources/js/Pages/HomeComponent.vue: Using EditorConfig core...
mongodb-vue-crud/resources/js/Pages/HomeComponent.vue: {}
mongodb-vue-crud/resources/js/app.js: {}
mongodb-vue-crud/resources/js/Pages/Layout.vue: {}
mongodb-vue-crud/resources/js/Pages/Layout.vue: Using EditorConfig core...
mongodb-vue-crud/resources/js/Pages/Layout.vue: Using EditorConfig core...
mongodb-vue-crud/resources/js/Pages/Layout.vue: Using EditorConfig core...
mongodb-vue-crud/resources/js/Pages/Layout.vue: Using EditorConfig core...
mongodb-vue-crud/resources/js/Pages/Layout.vue: Using EditorConfig core...
mongodb-vue-crud/resources/js/Pages/Layout.vue: {}
mongodb-vue-crud/resources/js/Pages/Layout.vue: Using EditorConfig core...
mongodb-vue-crud/resources/js/Pages/Layout.vue: Using EditorConfig core...
mongodb-vue-crud/resources/js/Pages/Layout.vue: Using EditorConfig core...
mongodb-vue-crud/resources/js/Pages/Layout.vue: {}
mongodb-vue-crud/resources/js/Pages/Layout.vue: {}
mongodb-vue-crud/resources/js/Pages/Layout.vue: Using EditorConfig core...
mongodb-vue-crud/resources/js/Pages/Layout.vue: Using EditorConfig core...
mongodb-vue-crud/resources/js/Pages/Layout.vue: Using EditorConfig core...
mongodb-vue-crud/resources/js/Pages/Layout.vue: Using EditorConfig core...
mongodb-vue-crud/resources/js/Pages/Layout.vue: Using EditorConfig core...
mongodb-vue-crud/resources/js/Pages/Layout.vue: Using EditorConfig core...
mongodb-vue-crud/resources/js/Pages/Layout.vue: Using EditorConfig core...
mongodb-vue-crud/resources/js/Pages/Layout.vue: Using EditorConfig core...
mongodb-vue-crud/resources/js/Pages/Layout.vue: Using EditorConfig core...
mongodb-vue-crud/resources/js/Pages/Layout.vue: Using EditorConfig core...
mongodb-vue-crud/resources/js/Pages/Layout.vue: {}
mongodb-vue-crud/resources/js/Pages/Layout.vue: Using EditorConfig core...
mongodb-vue-crud/resources/js/Pages/Layout.vue: Using EditorConfig core...
mongodb-vue-crud/resources/js/Pages/Layout.vue: Using EditorConfig core...
mongodb-vue-crud/resources/js/Pages/Layout.vue: {}
mongodb-vue-crud/resources/js/Pages/Layout.vue: {}
mongodb-vue-crud/resources/js/Pages/Layout.vue: Using EditorConfig core...
mongodb-vue-crud/resources/js/Pages/Layout.vue: Using EditorConfig core...
mongodb-vue-crud/resources/js/Pages/Layout.vue: Using EditorConfig core...
mongodb-vue-crud/resources/js/Pages/Layout.vue: Using EditorConfig core...
mongodb-vue-crud/resources/js/Pages/Layout.vue: Using EditorConfig core...
mongodb-vue-crud/resources/js/Pages/Layout.vue: Using EditorConfig core...
mongodb-vue-crud/resources/js/Pages/Layout.vue: Using EditorConfig core...
mongodb-vue-crud/resources/js/Pages/Layout.vue: Using EditorConfig core...
mongodb-vue-crud/resources/js/Pages/Layout.vue: Using EditorConfig core...
mongodb-vue-crud/resources/js/Pages/Layout.vue: Using EditorConfig core...
mongodb-vue-crud/resources/js/Pages/Layout.vue: Using EditorConfig core...
mongodb-vue-crud/resources/js/Pages/Layout.vue: Using EditorConfig core...
mongodb-vue-crud/resources/js/Pages/Layout.vue: Using EditorConfig core...
mongodb-vue-crud/resources/js/Components/Table/UsersTableComponent.vue: {}
mongodb-vue-crud/resources/js/Components/Table/UsersTableComponent.vue: Using EditorConfig core...
mongodb-vue-crud/resources/js/Components/Table/UsersTableComponent.vue: {}
mongodb-vue-crud/resources/js/Components/Table/UsersTableComponent.vue: Using EditorConfig core...
mongodb-vue-crud/resources/js/Components/Table/UsersTableComponent.vue: Using EditorConfig core...
mongodb-vue-crud/resources/js/Components/Table/UsersTableComponent.vue: Using EditorConfig core...
mongodb-vue-crud/resources/js/Components/Table/UsersTableComponent.vue: Using EditorConfig core...
mongodb-vue-crud/resources/js/Components/Table/UsersTableComponent.vue: Using EditorConfig core...
mongodb-vue-crud/resources/js/Components/Table/UsersTableComponent.vue: Using EditorConfig core...
mongodb-vue-crud/resources/js/Components/Table/UsersTableComponent.vue: Using EditorConfig core...
mongodb-vue-crud/resources/js/Components/Table/UsersTableComponent.vue: Using EditorConfig core...
mongodb-vue-crud/resources/js/Components/Table/UsersTableComponent.vue: {}
mongodb-vue-crud/resources/js/Components/Table/UsersTableComponent.vue: {}
mongodb-vue-crud/resources/js/Components/Table/UsersTableComponent.vue: {}
mongodb-vue-crud/resources/js/Components/Table/UsersTableComponent.vue: {}
mongodb-vue-crud/resources/js/Components/Table/UsersTableComponent.vue: {}
mongodb-vue-crud/resources/js/mongoconnection.js: {}
mongodb-vue-crud/resources/js/mongoconnection.js: {}
mongodb-vue-crud/resources/js/Pages/AboutComponent.vue: {}
mongodb-vue-crud/resources/js/mongoconnection.js: {}
mongodb-vue-crud/resources/js/mongoconnection.js: {}
mongodb-vue-crud/resources/js/bootstrap.js: {}
mongodb-vue-crud/resources/js/app.js: {}
mongodb-vue-crud/resources/js/app.js: Using EditorConfig core...
mongodb-vue-crud/resources/js/app.js: Using EditorConfig core...
mongodb-vue-crud/resources/js/app.js: Using EditorConfig core...
mongodb-vue-crud/resources/js/app.js: Using EditorConfig core...
mongodb-vue-crud/resources/js/app.js: Using EditorConfig core...
mongodb-vue-crud/resources/js/app.js: Using EditorConfig core...
mongodb-vue-crud/resources/js/app.js: Using EditorConfig core...
mongodb-vue-crud/resources/js/app.js: {}
mongodb-vue-crud/resources/js/app.js: {}
mongodb-vue-crud/resources/js/app.js: {}
mongodb-vue-crud/resources/js/app.js: {}
mongodb-vue-crud/resources/js/app.js: {}
mongodb-vue-crud/resources/js/app.js: {}
mongodb-vue-crud/resources/js/app.js: Using EditorConfig core...
mongodb-vue-crud/resources/js/app.js: Using EditorConfig core...
mongodb-vue-crud/resources/js/app.js: Using EditorConfig core...
mongodb-vue-crud/resources/js/app.js: Using EditorConfig core...
mongodb-vue-crud/resources/js/app.js: Using EditorConfig core...
mongodb-vue-crud/resources/js/app.js: Using EditorConfig core...
mongodb-vue-crud/resources/js/app.js: Using EditorConfig core...
mongodb-vue-crud/resources/js/app.js: Using EditorConfig core...
mongodb-vue-crud/resources/js/app.js: Using EditorConfig core...
mongodb-vue-crud/resources/js/app.js: Using EditorConfig core...
mongodb-vue-crud/resources/js/app.js: Using EditorConfig core...
mongodb-vue-crud/resources/js/app.js: Using EditorConfig core...
mongodb-vue-crud/resources/js/app.js: {}
mongodb-vue-crud/resources/js/app.js: {}
mongodb-vue-crud/resources/js/app.js: {}
mongodb-vue-crud/package.json: {}
mongodb-vue-crud/package.json: {}
mongodb-vue-crud/package.json: Using EditorConfig core...
mongodb-vue-crud/package.json: Using EditorConfig core...
mongodb-vue-crud/package.json: Using EditorConfig core...
mongodb-vue-crud/resources/js/bootstrap.js: {}
mongodb-vue-crud/resources/js/app.js: {}
mongodb-vue-crud/resources/js/app.js: Using EditorConfig core...
mongodb-vue-crud/resources/js/app.js: Using EditorConfig core...
mongodb-vue-crud/resources/js/app.js: Using EditorConfig core...
mongodb-vue-crud/resources/js/app.js: Using EditorConfig core...
mongodb-vue-crud/resources/js/app.js: Using EditorConfig core...
mongodb-vue-crud/resources/js/app.js: Using EditorConfig core...
mongodb-vue-crud/resources/js/app.js: {}
mongodb-vue-crud/resources/js/app.js: {}
