[2021-05-04 11:18:20.559] [exthost] [info] extension host started
[2021-05-04 11:18:20.705] [exthost] [info] ExtensionService#_doActivateExtension vscode.microsoft-authentication {"startup":false,"extensionId":{"value":"vscode.microsoft-authentication","_lower":"vscode.microsoft-authentication"},"activationEvent":"onAuthenticationRequest:microsoft"}
[2021-05-04 11:18:20.706] [exthost] [info] ExtensionService#loadCommonJSModule file:///usr/share/code/resources/app/extensions/microsoft-authentication/dist/extension.js
[2021-05-04 11:18:20.724] [exthost] [info] ExtensionService#_doActivateExtension vscode.debug-auto-launch {"startup":true,"extensionId":{"value":"vscode.debug-auto-launch","_lower":"vscode.debug-auto-launch"},"activationEvent":"*"}
[2021-05-04 11:18:20.724] [exthost] [info] ExtensionService#loadCommonJSModule file:///usr/share/code/resources/app/extensions/debug-auto-launch/dist/extension
[2021-05-04 11:18:20.727] [exthost] [info] ExtensionService#_doActivateExtension vscode.git {"startup":true,"extensionId":{"value":"vscode.github","_lower":"vscode.github"},"activationEvent":"*"}
[2021-05-04 11:18:20.727] [exthost] [info] ExtensionService#loadCommonJSModule file:///usr/share/code/resources/app/extensions/git/dist/main
[2021-05-04 11:18:20.781] [exthost] [info] ExtensionService#_doActivateExtension donjayamanne.githistory {"startup":true,"extensionId":{"value":"donjayamanne.githistory","_lower":"donjayamanne.githistory"},"activationEvent":"*"}
[2021-05-04 11:18:20.781] [exthost] [info] ExtensionService#loadCommonJSModule file:///root/.vscode/extensions/donjayamanne.githistory-0.6.16/dist/src/extension
[2021-05-04 11:18:20.822] [exthost] [info] ExtensionService#_doActivateExtension ecmel.vscode-html-css {"startup":true,"extensionId":{"value":"ecmel.vscode-html-css","_lower":"ecmel.vscode-html-css"},"activationEvent":"*"}
[2021-05-04 11:18:20.822] [exthost] [info] ExtensionService#loadCommonJSModule file:///root/.vscode/extensions/ecmel.vscode-html-css-1.10.2/dist/extension.js
[2021-05-04 11:18:20.853] [exthost] [info] ExtensionService#_doActivateExtension EditorConfig.EditorConfig {"startup":true,"extensionId":{"value":"EditorConfig.EditorConfig","_lower":"editorconfig.editorconfig"},"activationEvent":"*"}
[2021-05-04 11:18:20.853] [exthost] [info] ExtensionService#loadCommonJSModule file:///root/.vscode/extensions/editorconfig.editorconfig-0.16.4/out/editorConfigMain.js
[2021-05-04 11:18:20.872] [exthost] [info] ExtensionService#_doActivateExtension formulahendry.auto-close-tag {"startup":true,"extensionId":{"value":"formulahendry.auto-close-tag","_lower":"formulahendry.auto-close-tag"},"activationEvent":"*"}
[2021-05-04 11:18:20.872] [exthost] [info] ExtensionService#loadCommonJSModule file:///root/.vscode/extensions/formulahendry.auto-close-tag-0.5.10/out/src/extension
[2021-05-04 11:18:20.873] [exthost] [info] ExtensionService#_doActivateExtension formulahendry.auto-rename-tag {"startup":true,"extensionId":{"value":"formulahendry.auto-rename-tag","_lower":"formulahendry.auto-rename-tag"},"activationEvent":"*"}
[2021-05-04 11:18:20.873] [exthost] [info] ExtensionService#loadCommonJSModule file:///root/.vscode/extensions/formulahendry.auto-rename-tag-0.1.6/packages/extension/dist/extensionMain.js
[2021-05-04 11:18:20.895] [exthost] [info] ExtensionService#_doActivateExtension PKief.material-icon-theme {"startup":true,"extensionId":{"value":"PKief.material-icon-theme","_lower":"pkief.material-icon-theme"},"activationEvent":"*"}
[2021-05-04 11:18:20.895] [exthost] [info] ExtensionService#loadCommonJSModule file:///root/.vscode/extensions/pkief.material-icon-theme-4.6.0/dist/extension
[2021-05-04 11:18:20.916] [exthost] [info] ExtensionService#_doActivateExtension prasadbobby.auto-rename-tag {"startup":true,"extensionId":{"value":"prasadbobby.auto-rename-tag","_lower":"prasadbobby.auto-rename-tag"},"activationEvent":"*"}
[2021-05-04 11:18:20.916] [exthost] [info] ExtensionService#loadCommonJSModule file:///root/.vscode/extensions/prasadbobby.auto-rename-tag-0.1.5/dist/extensionMain.js
[2021-05-04 11:18:20.991] [exthost] [info] ExtensionService#_doActivateExtension RobbOwen.synthwave-vscode {"startup":true,"extensionId":{"value":"RobbOwen.synthwave-vscode","_lower":"robbowen.synthwave-vscode"},"activationEvent":"*"}
[2021-05-04 11:18:20.991] [exthost] [info] ExtensionService#loadCommonJSModule file:///root/.vscode/extensions/robbowen.synthwave-vscode-0.1.8/src/extension.js
[2021-05-04 11:18:20.997] [exthost] [info] ExtensionService#_doActivateExtension stef-k.laravel-goto-controller {"startup":true,"extensionId":{"value":"stef-k.laravel-goto-controller","_lower":"stef-k.laravel-goto-controller"},"activationEvent":"*"}
[2021-05-04 11:18:20.997] [exthost] [info] ExtensionService#loadCommonJSModule file:///root/.vscode/extensions/stef-k.laravel-goto-controller-0.0.12/out/extension
[2021-05-04 11:18:21.000] [exthost] [info] ExtensionService#_doActivateExtension TabNine.tabnine-vscode {"startup":true,"extensionId":{"value":"TabNine.tabnine-vscode","_lower":"tabnine.tabnine-vscode"},"activationEvent":"*"}
[2021-05-04 11:18:21.000] [exthost] [info] ExtensionService#loadCommonJSModule file:///root/.vscode/extensions/tabnine.tabnine-vscode-3.4.4/out/extension
[2021-05-04 11:18:21.059] [exthost] [info] ExtensionService#_doActivateExtension tombonnike.vscode-status-bar-format-toggle {"startup":true,"extensionId":{"value":"tombonnike.vscode-status-bar-format-toggle","_lower":"tombonnike.vscode-status-bar-format-toggle"},"activationEvent":"*"}
[2021-05-04 11:18:21.059] [exthost] [info] ExtensionService#loadCommonJSModule file:///root/.vscode/extensions/tombonnike.vscode-status-bar-format-toggle-2.0.0/out/extension
[2021-05-04 11:18:21.065] [exthost] [info] ExtensionService#_doActivateExtension vincaslt.highlight-matching-tag {"startup":true,"extensionId":{"value":"vincaslt.highlight-matching-tag","_lower":"vincaslt.highlight-matching-tag"},"activationEvent":"*"}
[2021-05-04 11:18:21.065] [exthost] [info] ExtensionService#loadCommonJSModule file:///root/.vscode/extensions/vincaslt.highlight-matching-tag-0.10.0/out/src/extension
[2021-05-04 11:18:21.670] [exthost] [info] ExtensionService#_doActivateExtension vscode.configuration-editing {"startup":false,"extensionId":{"value":"vscode.configuration-editing","_lower":"vscode.configuration-editing"},"activationEvent":"onLanguage:jsonc"}
[2021-05-04 11:18:21.670] [exthost] [info] ExtensionService#loadCommonJSModule file:///usr/share/code/resources/app/extensions/configuration-editing/dist/configurationEditingMain
[2021-05-04 11:18:21.676] [exthost] [info] ExtensionService#_doActivateExtension vscode.json-language-features {"startup":false,"extensionId":{"value":"vscode.json-language-features","_lower":"vscode.json-language-features"},"activationEvent":"onLanguage:jsonc"}
[2021-05-04 11:18:21.677] [exthost] [info] ExtensionService#loadCommonJSModule file:///usr/share/code/resources/app/extensions/json-language-features/client/dist/node/jsonClientMain
[2021-05-04 11:18:21.724] [exthost] [info] ExtensionService#_doActivateExtension vscode.typescript-language-features {"startup":false,"extensionId":{"value":"vscode.typescript-language-features","_lower":"vscode.typescript-language-features"},"activationEvent":"onLanguage:jsonc"}
[2021-05-04 11:18:21.724] [exthost] [info] ExtensionService#loadCommonJSModule file:///usr/share/code/resources/app/extensions/typescript-language-features/dist/extension
[2021-05-04 11:18:21.873] [exthost] [info] ExtensionService#_doActivateExtension ms-vscode.js-debug {"startup":false,"extensionId":{"value":"ms-vscode.js-debug","_lower":"ms-vscode.js-debug"},"activationEvent":"onCommand:extension.js-debug.clearAutoAttachVariables"}
[2021-05-04 11:18:21.873] [exthost] [info] ExtensionService#loadCommonJSModule file:///usr/share/code/resources/app/extensions/ms-vscode.js-debug/src/extension.js
[2021-05-04 11:18:22.131] [exthost] [info] ExtensionService#_doActivateExtension vscode.github {"startup":false,"extensionId":{"value":"vscode.github","_lower":"vscode.github"},"activationEvent":"*"}
[2021-05-04 11:18:22.131] [exthost] [info] ExtensionService#loadCommonJSModule file:///usr/share/code/resources/app/extensions/github/dist/extension.js
[2021-05-04 11:18:22.314] [exthost] [info] ExtensionService#_doActivateExtension vscode.github-authentication {"startup":false,"extensionId":{"value":"vscode.github-authentication","_lower":"vscode.github-authentication"},"activationEvent":"onAuthenticationRequest:github"}
[2021-05-04 11:18:22.314] [exthost] [info] ExtensionService#loadCommonJSModule file:///usr/share/code/resources/app/extensions/github-authentication/dist/extension.js
[2021-05-04 11:18:30.637] [exthost] [info] ExtensionService#_doActivateExtension vscode.emmet {"startup":false,"extensionId":{"value":"vscode.emmet","_lower":"vscode.emmet"},"activationEvent":"onStartupFinished"}
[2021-05-04 11:18:30.639] [exthost] [info] ExtensionService#loadCommonJSModule file:///usr/share/code/resources/app/extensions/emmet/dist/node/emmetNodeMain
[2021-05-04 11:18:30.690] [exthost] [info] ExtensionService#_doActivateExtension vscode.merge-conflict {"startup":false,"extensionId":{"value":"vscode.merge-conflict","_lower":"vscode.merge-conflict"},"activationEvent":"onStartupFinished"}
[2021-05-04 11:18:30.690] [exthost] [info] ExtensionService#loadCommonJSModule file:///usr/share/code/resources/app/extensions/merge-conflict/dist/mergeConflictMain
[2021-05-04 11:18:30.695] [exthost] [info] ExtensionService#_doActivateExtension vscode.testing-editor-contributions {"startup":false,"extensionId":{"value":"vscode.testing-editor-contributions","_lower":"vscode.testing-editor-contributions"},"activationEvent":"onStartupFinished"}
[2021-05-04 11:18:30.695] [exthost] [info] ExtensionService#loadCommonJSModule file:///usr/share/code/resources/app/extensions/testing-editor-contributions/dist/extension.js
[2021-05-04 11:18:30.696] [exthost] [info] ExtensionService#_doActivateExtension dbaeumer.vscode-eslint {"startup":false,"extensionId":{"value":"dbaeumer.vscode-eslint","_lower":"dbaeumer.vscode-eslint"},"activationEvent":"onStartupFinished"}
[2021-05-04 11:18:30.697] [exthost] [info] ExtensionService#loadCommonJSModule file:///root/.vscode/extensions/dbaeumer.vscode-eslint-2.1.20/client/out/extension
[2021-05-04 11:18:30.731] [exthost] [info] ExtensionService#_doActivateExtension eamodio.gitlens {"startup":false,"extensionId":{"value":"eamodio.gitlens","_lower":"eamodio.gitlens"},"activationEvent":"onStartupFinished"}
[2021-05-04 11:18:30.731] [exthost] [info] ExtensionService#loadCommonJSModule file:///root/.vscode/extensions/eamodio.gitlens-11.4.1/dist/gitlens
[2021-05-04 11:18:30.861] [exthost] [info] ExtensionService#_doActivateExtension esbenp.prettier-vscode {"startup":false,"extensionId":{"value":"esbenp.prettier-vscode","_lower":"esbenp.prettier-vscode"},"activationEvent":"onStartupFinished"}
[2021-05-04 11:18:30.861] [exthost] [info] ExtensionService#loadCommonJSModule file:///root/.vscode/extensions/esbenp.prettier-vscode-6.3.2/dist/extension
[2021-05-04 11:18:32.494] [exthost] [info] extension host terminating: received terminate message from renderer
[2021-05-04 11:18:33.552] [exthost] [info] exiting with code 0
[2021-05-04 11:18:34.613] [exthost] [info] extension host started
[2021-05-04 11:18:34.722] [exthost] [info] ExtensionService#_doActivateExtension vscode.microsoft-authentication {"startup":false,"extensionId":{"value":"vscode.microsoft-authentication","_lower":"vscode.microsoft-authentication"},"activationEvent":"onAuthenticationRequest:microsoft"}
[2021-05-04 11:18:34.722] [exthost] [info] ExtensionService#loadCommonJSModule file:///usr/share/code/resources/app/extensions/microsoft-authentication/dist/extension.js
[2021-05-04 11:18:34.753] [exthost] [info] ExtensionService#_doActivateExtension vscode.debug-auto-launch {"startup":true,"extensionId":{"value":"vscode.debug-auto-launch","_lower":"vscode.debug-auto-launch"},"activationEvent":"*"}
[2021-05-04 11:18:34.753] [exthost] [info] ExtensionService#loadCommonJSModule file:///usr/share/code/resources/app/extensions/debug-auto-launch/dist/extension
[2021-05-04 11:18:34.756] [exthost] [info] ExtensionService#_doActivateExtension vscode.git {"startup":true,"extensionId":{"value":"vscode.github","_lower":"vscode.github"},"activationEvent":"*"}
[2021-05-04 11:18:34.756] [exthost] [info] ExtensionService#loadCommonJSModule file:///usr/share/code/resources/app/extensions/git/dist/main
[2021-05-04 11:18:34.824] [exthost] [info] ExtensionService#_doActivateExtension donjayamanne.githistory {"startup":true,"extensionId":{"value":"donjayamanne.githistory","_lower":"donjayamanne.githistory"},"activationEvent":"*"}
[2021-05-04 11:18:34.824] [exthost] [info] ExtensionService#loadCommonJSModule file:///root/.vscode/extensions/donjayamanne.githistory-0.6.16/dist/src/extension
[2021-05-04 11:18:34.893] [exthost] [info] ExtensionService#_doActivateExtension ecmel.vscode-html-css {"startup":true,"extensionId":{"value":"ecmel.vscode-html-css","_lower":"ecmel.vscode-html-css"},"activationEvent":"*"}
[2021-05-04 11:18:34.893] [exthost] [info] ExtensionService#loadCommonJSModule file:///root/.vscode/extensions/ecmel.vscode-html-css-1.10.2/dist/extension.js
[2021-05-04 11:18:34.930] [exthost] [info] ExtensionService#_doActivateExtension EditorConfig.EditorConfig {"startup":true,"extensionId":{"value":"EditorConfig.EditorConfig","_lower":"editorconfig.editorconfig"},"activationEvent":"*"}
[2021-05-04 11:18:34.930] [exthost] [info] ExtensionService#loadCommonJSModule file:///root/.vscode/extensions/editorconfig.editorconfig-0.16.4/out/editorConfigMain.js
[2021-05-04 11:18:34.969] [exthost] [info] ExtensionService#_doActivateExtension formulahendry.auto-close-tag {"startup":true,"extensionId":{"value":"formulahendry.auto-close-tag","_lower":"formulahendry.auto-close-tag"},"activationEvent":"*"}
[2021-05-04 11:18:34.969] [exthost] [info] ExtensionService#loadCommonJSModule file:///root/.vscode/extensions/formulahendry.auto-close-tag-0.5.10/out/src/extension
[2021-05-04 11:18:34.971] [exthost] [info] ExtensionService#_doActivateExtension formulahendry.auto-rename-tag {"startup":true,"extensionId":{"value":"formulahendry.auto-rename-tag","_lower":"formulahendry.auto-rename-tag"},"activationEvent":"*"}
[2021-05-04 11:18:34.971] [exthost] [info] ExtensionService#loadCommonJSModule file:///root/.vscode/extensions/formulahendry.auto-rename-tag-0.1.6/packages/extension/dist/extensionMain.js
[2021-05-04 11:18:35.004] [exthost] [info] ExtensionService#_doActivateExtension PKief.material-icon-theme {"startup":true,"extensionId":{"value":"PKief.material-icon-theme","_lower":"pkief.material-icon-theme"},"activationEvent":"*"}
[2021-05-04 11:18:35.004] [exthost] [info] ExtensionService#loadCommonJSModule file:///root/.vscode/extensions/pkief.material-icon-theme-4.6.0/dist/extension
[2021-05-04 11:18:35.036] [exthost] [info] ExtensionService#_doActivateExtension prasadbobby.auto-rename-tag {"startup":true,"extensionId":{"value":"prasadbobby.auto-rename-tag","_lower":"prasadbobby.auto-rename-tag"},"activationEvent":"*"}
[2021-05-04 11:18:35.036] [exthost] [info] ExtensionService#loadCommonJSModule file:///root/.vscode/extensions/prasadbobby.auto-rename-tag-0.1.5/dist/extensionMain.js
[2021-05-04 11:18:35.100] [exthost] [info] ExtensionService#_doActivateExtension RobbOwen.synthwave-vscode {"startup":true,"extensionId":{"value":"RobbOwen.synthwave-vscode","_lower":"robbowen.synthwave-vscode"},"activationEvent":"*"}
[2021-05-04 11:18:35.100] [exthost] [info] ExtensionService#loadCommonJSModule file:///root/.vscode/extensions/robbowen.synthwave-vscode-0.1.8/src/extension.js
[2021-05-04 11:18:35.106] [exthost] [info] ExtensionService#_doActivateExtension stef-k.laravel-goto-controller {"startup":true,"extensionId":{"value":"stef-k.laravel-goto-controller","_lower":"stef-k.laravel-goto-controller"},"activationEvent":"*"}
[2021-05-04 11:18:35.106] [exthost] [info] ExtensionService#loadCommonJSModule file:///root/.vscode/extensions/stef-k.laravel-goto-controller-0.0.12/out/extension
[2021-05-04 11:18:35.109] [exthost] [info] ExtensionService#_doActivateExtension TabNine.tabnine-vscode {"startup":true,"extensionId":{"value":"TabNine.tabnine-vscode","_lower":"tabnine.tabnine-vscode"},"activationEvent":"*"}
[2021-05-04 11:18:35.109] [exthost] [info] ExtensionService#loadCommonJSModule file:///root/.vscode/extensions/tabnine.tabnine-vscode-3.4.4/out/extension
[2021-05-04 11:18:35.126] [exthost] [info] ExtensionService#_doActivateExtension tombonnike.vscode-status-bar-format-toggle {"startup":true,"extensionId":{"value":"tombonnike.vscode-status-bar-format-toggle","_lower":"tombonnike.vscode-status-bar-format-toggle"},"activationEvent":"*"}
[2021-05-04 11:18:35.127] [exthost] [info] ExtensionService#loadCommonJSModule file:///root/.vscode/extensions/tombonnike.vscode-status-bar-format-toggle-2.0.0/out/extension
[2021-05-04 11:18:35.133] [exthost] [info] ExtensionService#_doActivateExtension vincaslt.highlight-matching-tag {"startup":true,"extensionId":{"value":"vincaslt.highlight-matching-tag","_lower":"vincaslt.highlight-matching-tag"},"activationEvent":"*"}
[2021-05-04 11:18:35.133] [exthost] [info] ExtensionService#loadCommonJSModule file:///root/.vscode/extensions/vincaslt.highlight-matching-tag-0.10.0/out/src/extension
[2021-05-04 11:18:35.144] [exthost] [info] ExtensionService#_doActivateExtension vscode.npm {"startup":true,"extensionId":{"value":"vscode.npm","_lower":"vscode.npm"},"activationEvent":"workspaceContains:package.json"}
[2021-05-04 11:18:35.144] [exthost] [info] ExtensionService#loadCommonJSModule file:///usr/share/code/resources/app/extensions/npm/dist/npmMain
[2021-05-04 11:18:35.286] [exthost] [info] ExtensionService#_doActivateExtension felixfbecker.php-intellisense {"startup":true,"extensionId":{"value":"felixfbecker.php-intellisense","_lower":"felixfbecker.php-intellisense"},"activationEvent":"workspaceContains:**/*.php"}
[2021-05-04 11:18:35.286] [exthost] [info] ExtensionService#loadCommonJSModule file:///root/.vscode/extensions/felixfbecker.php-intellisense-2.3.14/out/extension
[2021-05-04 11:18:35.384] [exthost] [info] ExtensionService#_doActivateExtension ryannaddy.laravel-artisan {"startup":true,"extensionId":{"value":"ryannaddy.laravel-artisan","_lower":"ryannaddy.laravel-artisan"},"activationEvent":"workspaceContains:**/artisan"}
[2021-05-04 11:18:35.384] [exthost] [info] ExtensionService#loadCommonJSModule file:///root/.vscode/extensions/ryannaddy.laravel-artisan-0.0.27/out/src/extension
[2021-05-04 11:18:35.444] [exthost] [info] ExtensionService#_doActivateExtension vscode.configuration-editing {"startup":false,"extensionId":{"value":"vscode.configuration-editing","_lower":"vscode.configuration-editing"},"activationEvent":"onLanguage:jsonc"}
[2021-05-04 11:18:35.444] [exthost] [info] ExtensionService#loadCommonJSModule file:///usr/share/code/resources/app/extensions/configuration-editing/dist/configurationEditingMain
[2021-05-04 11:18:35.453] [exthost] [info] ExtensionService#_doActivateExtension vscode.json-language-features {"startup":false,"extensionId":{"value":"vscode.json-language-features","_lower":"vscode.json-language-features"},"activationEvent":"onLanguage:jsonc"}
[2021-05-04 11:18:35.453] [exthost] [info] ExtensionService#loadCommonJSModule file:///usr/share/code/resources/app/extensions/json-language-features/client/dist/node/jsonClientMain
[2021-05-04 11:18:35.514] [exthost] [info] ExtensionService#_doActivateExtension vscode.typescript-language-features {"startup":false,"extensionId":{"value":"vscode.typescript-language-features","_lower":"vscode.typescript-language-features"},"activationEvent":"onLanguage:jsonc"}
[2021-05-04 11:18:35.514] [exthost] [info] ExtensionService#loadCommonJSModule file:///usr/share/code/resources/app/extensions/typescript-language-features/dist/extension
[2021-05-04 11:18:35.784] [exthost] [info] ExtensionService#_doActivateExtension ms-vscode.js-debug {"startup":false,"extensionId":{"value":"ms-vscode.js-debug","_lower":"ms-vscode.js-debug"},"activationEvent":"onCommand:extension.js-debug.clearAutoAttachVariables"}
[2021-05-04 11:18:35.784] [exthost] [info] ExtensionService#loadCommonJSModule file:///usr/share/code/resources/app/extensions/ms-vscode.js-debug/src/extension.js
[2021-05-04 11:18:36.038] [exthost] [info] ExtensionService#_doActivateExtension vscode.github {"startup":false,"extensionId":{"value":"vscode.github","_lower":"vscode.github"},"activationEvent":"*"}
[2021-05-04 11:18:36.039] [exthost] [info] ExtensionService#loadCommonJSModule file:///usr/share/code/resources/app/extensions/github/dist/extension.js
[2021-05-04 11:18:36.160] [exthost] [info] ExtensionService#_doActivateExtension vscode.github-authentication {"startup":false,"extensionId":{"value":"vscode.github-authentication","_lower":"vscode.github-authentication"},"activationEvent":"onAuthenticationRequest:github"}
[2021-05-04 11:18:36.160] [exthost] [info] ExtensionService#loadCommonJSModule file:///usr/share/code/resources/app/extensions/github-authentication/dist/extension.js
[2021-05-04 11:18:44.716] [exthost] [info] ExtensionService#_doActivateExtension vscode.emmet {"startup":false,"extensionId":{"value":"vscode.emmet","_lower":"vscode.emmet"},"activationEvent":"onStartupFinished"}
[2021-05-04 11:18:44.716] [exthost] [info] ExtensionService#loadCommonJSModule file:///usr/share/code/resources/app/extensions/emmet/dist/node/emmetNodeMain
[2021-05-04 11:18:44.785] [exthost] [info] ExtensionService#_doActivateExtension vscode.merge-conflict {"startup":false,"extensionId":{"value":"vscode.merge-conflict","_lower":"vscode.merge-conflict"},"activationEvent":"onStartupFinished"}
[2021-05-04 11:18:44.786] [exthost] [info] ExtensionService#loadCommonJSModule file:///usr/share/code/resources/app/extensions/merge-conflict/dist/mergeConflictMain
[2021-05-04 11:18:44.792] [exthost] [info] ExtensionService#_doActivateExtension vscode.testing-editor-contributions {"startup":false,"extensionId":{"value":"vscode.testing-editor-contributions","_lower":"vscode.testing-editor-contributions"},"activationEvent":"onStartupFinished"}
[2021-05-04 11:18:44.792] [exthost] [info] ExtensionService#loadCommonJSModule file:///usr/share/code/resources/app/extensions/testing-editor-contributions/dist/extension.js
[2021-05-04 11:18:44.793] [exthost] [info] ExtensionService#_doActivateExtension dbaeumer.vscode-eslint {"startup":false,"extensionId":{"value":"dbaeumer.vscode-eslint","_lower":"dbaeumer.vscode-eslint"},"activationEvent":"onStartupFinished"}
[2021-05-04 11:18:44.793] [exthost] [info] ExtensionService#loadCommonJSModule file:///root/.vscode/extensions/dbaeumer.vscode-eslint-2.1.20/client/out/extension
[2021-05-04 11:18:44.830] [exthost] [info] ExtensionService#_doActivateExtension eamodio.gitlens {"startup":false,"extensionId":{"value":"eamodio.gitlens","_lower":"eamodio.gitlens"},"activationEvent":"onStartupFinished"}
[2021-05-04 11:18:44.830] [exthost] [info] ExtensionService#loadCommonJSModule file:///root/.vscode/extensions/eamodio.gitlens-11.4.1/dist/gitlens
[2021-05-04 11:18:44.964] [exthost] [info] ExtensionService#_doActivateExtension esbenp.prettier-vscode {"startup":false,"extensionId":{"value":"esbenp.prettier-vscode","_lower":"esbenp.prettier-vscode"},"activationEvent":"onStartupFinished"}
[2021-05-04 11:18:44.964] [exthost] [info] ExtensionService#loadCommonJSModule file:///root/.vscode/extensions/esbenp.prettier-vscode-6.3.2/dist/extension
[2021-05-04 11:18:55.641] [exthost] [info] ExtensionService#_doActivateExtension vscode.extension-editing {"startup":false,"extensionId":{"value":"vscode.extension-editing","_lower":"vscode.extension-editing"},"activationEvent":"onLanguage:json"}
[2021-05-04 11:18:55.641] [exthost] [info] ExtensionService#loadCommonJSModule file:///usr/share/code/resources/app/extensions/extension-editing/dist/extensionEditingMain
[2021-05-04 11:19:39.564] [exthost] [info] ExtensionService#_doActivateExtension vscode.php-language-features {"startup":false,"extensionId":{"value":"vscode.php-language-features","_lower":"vscode.php-language-features"},"activationEvent":"onLanguage:php"}
[2021-05-04 11:19:39.565] [exthost] [info] ExtensionService#loadCommonJSModule file:///usr/share/code/resources/app/extensions/php-language-features/dist/phpMain
[2021-05-04 11:19:39.589] [exthost] [info] ExtensionService#_doActivateExtension amiralizadeh9480.laravel-extra-intellisense {"startup":false,"extensionId":{"value":"amiralizadeh9480.laravel-extra-intellisense","_lower":"amiralizadeh9480.laravel-extra-intellisense"},"activationEvent":"onLanguage:php"}
[2021-05-04 11:19:39.589] [exthost] [info] ExtensionService#loadCommonJSModule file:///root/.vscode/extensions/amiralizadeh9480.laravel-extra-intellisense-0.6.1/dist/extension.js
[2021-05-04 11:19:39.600] [exthost] [info] ExtensionService#_doActivateExtension codingyu.laravel-goto-view {"startup":false,"extensionId":{"value":"codingyu.laravel-goto-view","_lower":"codingyu.laravel-goto-view"},"activationEvent":"onLanguage:php"}
[2021-05-04 11:19:39.600] [exthost] [info] ExtensionService#loadCommonJSModule file:///root/.vscode/extensions/codingyu.laravel-goto-view-1.3.4/out/src/extension
[2021-05-04 11:19:39.605] [exthost] [info] ExtensionService#_doActivateExtension MehediDracula.php-namespace-resolver {"startup":false,"extensionId":{"value":"MehediDracula.php-namespace-resolver","_lower":"mehedidracula.php-namespace-resolver"},"activationEvent":"onLanguage:php"}
[2021-05-04 11:19:39.605] [exthost] [info] ExtensionService#loadCommonJSModule file:///root/.vscode/extensions/mehedidracula.php-namespace-resolver-1.1.8/src/extension
[2021-05-04 11:20:33.003] [exthost] [info] extension host terminating: received terminate message from renderer
[2021-05-04 11:20:34.056] [exthost] [info] exiting with code 0
[2021-05-04 11:20:35.199] [exthost] [info] extension host started
[2021-05-04 11:20:35.686] [exthost] [info] ExtensionService#_doActivateExtension vscode.microsoft-authentication {"startup":false,"extensionId":{"value":"vscode.microsoft-authentication","_lower":"vscode.microsoft-authentication"},"activationEvent":"onAuthenticationRequest:microsoft"}
[2021-05-04 11:20:35.686] [exthost] [info] ExtensionService#loadCommonJSModule file:///usr/share/code/resources/app/extensions/microsoft-authentication/dist/extension.js
[2021-05-04 11:20:35.713] [exthost] [info] ExtensionService#_doActivateExtension vscode.php-language-features {"startup":false,"extensionId":{"value":"vscode.php-language-features","_lower":"vscode.php-language-features"},"activationEvent":"onLanguage:php"}
[2021-05-04 11:20:35.713] [exthost] [info] ExtensionService#loadCommonJSModule file:///usr/share/code/resources/app/extensions/php-language-features/dist/phpMain
[2021-05-04 11:20:35.722] [exthost] [info] ExtensionService#_doActivateExtension amiralizadeh9480.laravel-extra-intellisense {"startup":false,"extensionId":{"value":"amiralizadeh9480.laravel-extra-intellisense","_lower":"amiralizadeh9480.laravel-extra-intellisense"},"activationEvent":"onLanguage:php"}
[2021-05-04 11:20:35.722] [exthost] [info] ExtensionService#loadCommonJSModule file:///root/.vscode/extensions/amiralizadeh9480.laravel-extra-intellisense-0.6.1/dist/extension.js
[2021-05-04 11:20:35.727] [exthost] [info] ExtensionService#_doActivateExtension codingyu.laravel-goto-view {"startup":false,"extensionId":{"value":"codingyu.laravel-goto-view","_lower":"codingyu.laravel-goto-view"},"activationEvent":"onLanguage:php"}
[2021-05-04 11:20:35.727] [exthost] [info] ExtensionService#loadCommonJSModule file:///root/.vscode/extensions/codingyu.laravel-goto-view-1.3.4/out/src/extension
[2021-05-04 11:20:35.734] [exthost] [info] ExtensionService#_doActivateExtension felixfbecker.php-intellisense {"startup":false,"extensionId":{"value":"felixfbecker.php-intellisense","_lower":"felixfbecker.php-intellisense"},"activationEvent":"onLanguage:php"}
[2021-05-04 11:20:35.734] [exthost] [info] ExtensionService#loadCommonJSModule file:///root/.vscode/extensions/felixfbecker.php-intellisense-2.3.14/out/extension
[2021-05-04 11:20:35.867] [exthost] [info] ExtensionService#_doActivateExtension MehediDracula.php-namespace-resolver {"startup":false,"extensionId":{"value":"MehediDracula.php-namespace-resolver","_lower":"mehedidracula.php-namespace-resolver"},"activationEvent":"onLanguage:php"}
[2021-05-04 11:20:35.867] [exthost] [info] ExtensionService#loadCommonJSModule file:///root/.vscode/extensions/mehedidracula.php-namespace-resolver-1.1.8/src/extension
[2021-05-04 11:20:35.871] [exthost] [info] ExtensionService#_doActivateExtension vscode.debug-auto-launch {"startup":true,"extensionId":{"value":"vscode.debug-auto-launch","_lower":"vscode.debug-auto-launch"},"activationEvent":"*"}
[2021-05-04 11:20:35.871] [exthost] [info] ExtensionService#loadCommonJSModule file:///usr/share/code/resources/app/extensions/debug-auto-launch/dist/extension
[2021-05-04 11:20:35.875] [exthost] [info] ExtensionService#_doActivateExtension vscode.git {"startup":true,"extensionId":{"value":"vscode.github","_lower":"vscode.github"},"activationEvent":"*"}
[2021-05-04 11:20:35.875] [exthost] [info] ExtensionService#loadCommonJSModule file:///usr/share/code/resources/app/extensions/git/dist/main
[2021-05-04 11:20:35.963] [exthost] [info] ExtensionService#_doActivateExtension donjayamanne.githistory {"startup":true,"extensionId":{"value":"donjayamanne.githistory","_lower":"donjayamanne.githistory"},"activationEvent":"*"}
[2021-05-04 11:20:35.963] [exthost] [info] ExtensionService#loadCommonJSModule file:///root/.vscode/extensions/donjayamanne.githistory-0.6.16/dist/src/extension
[2021-05-04 11:20:35.999] [exthost] [info] ExtensionService#_doActivateExtension ecmel.vscode-html-css {"startup":true,"extensionId":{"value":"ecmel.vscode-html-css","_lower":"ecmel.vscode-html-css"},"activationEvent":"*"}
[2021-05-04 11:20:35.999] [exthost] [info] ExtensionService#loadCommonJSModule file:///root/.vscode/extensions/ecmel.vscode-html-css-1.10.2/dist/extension.js
[2021-05-04 11:20:36.026] [exthost] [info] ExtensionService#_doActivateExtension EditorConfig.EditorConfig {"startup":true,"extensionId":{"value":"EditorConfig.EditorConfig","_lower":"editorconfig.editorconfig"},"activationEvent":"*"}
[2021-05-04 11:20:36.026] [exthost] [info] ExtensionService#loadCommonJSModule file:///root/.vscode/extensions/editorconfig.editorconfig-0.16.4/out/editorConfigMain.js
[2021-05-04 11:20:36.050] [exthost] [info] ExtensionService#_doActivateExtension formulahendry.auto-close-tag {"startup":true,"extensionId":{"value":"formulahendry.auto-close-tag","_lower":"formulahendry.auto-close-tag"},"activationEvent":"*"}
[2021-05-04 11:20:36.070] [exthost] [info] ExtensionService#loadCommonJSModule file:///root/.vscode/extensions/formulahendry.auto-close-tag-0.5.10/out/src/extension
[2021-05-04 11:20:36.071] [exthost] [info] ExtensionService#_doActivateExtension formulahendry.auto-rename-tag {"startup":true,"extensionId":{"value":"formulahendry.auto-rename-tag","_lower":"formulahendry.auto-rename-tag"},"activationEvent":"*"}
[2021-05-04 11:20:36.072] [exthost] [info] ExtensionService#loadCommonJSModule file:///root/.vscode/extensions/formulahendry.auto-rename-tag-0.1.6/packages/extension/dist/extensionMain.js
[2021-05-04 11:20:36.124] [exthost] [info] ExtensionService#_doActivateExtension PKief.material-icon-theme {"startup":true,"extensionId":{"value":"PKief.material-icon-theme","_lower":"pkief.material-icon-theme"},"activationEvent":"*"}
[2021-05-04 11:20:36.125] [exthost] [info] ExtensionService#loadCommonJSModule file:///root/.vscode/extensions/pkief.material-icon-theme-4.6.0/dist/extension
[2021-05-04 11:20:36.158] [exthost] [info] ExtensionService#_doActivateExtension prasadbobby.auto-rename-tag {"startup":true,"extensionId":{"value":"prasadbobby.auto-rename-tag","_lower":"prasadbobby.auto-rename-tag"},"activationEvent":"*"}
[2021-05-04 11:20:36.158] [exthost] [info] ExtensionService#loadCommonJSModule file:///root/.vscode/extensions/prasadbobby.auto-rename-tag-0.1.5/dist/extensionMain.js
[2021-05-04 11:20:36.246] [exthost] [info] ExtensionService#_doActivateExtension RobbOwen.synthwave-vscode {"startup":true,"extensionId":{"value":"RobbOwen.synthwave-vscode","_lower":"robbowen.synthwave-vscode"},"activationEvent":"*"}
[2021-05-04 11:20:36.246] [exthost] [info] ExtensionService#loadCommonJSModule file:///root/.vscode/extensions/robbowen.synthwave-vscode-0.1.8/src/extension.js
[2021-05-04 11:20:36.252] [exthost] [info] ExtensionService#_doActivateExtension stef-k.laravel-goto-controller {"startup":true,"extensionId":{"value":"stef-k.laravel-goto-controller","_lower":"stef-k.laravel-goto-controller"},"activationEvent":"*"}
[2021-05-04 11:20:36.252] [exthost] [info] ExtensionService#loadCommonJSModule file:///root/.vscode/extensions/stef-k.laravel-goto-controller-0.0.12/out/extension
[2021-05-04 11:20:36.255] [exthost] [info] ExtensionService#_doActivateExtension TabNine.tabnine-vscode {"startup":true,"extensionId":{"value":"TabNine.tabnine-vscode","_lower":"tabnine.tabnine-vscode"},"activationEvent":"*"}
[2021-05-04 11:20:36.255] [exthost] [info] ExtensionService#loadCommonJSModule file:///root/.vscode/extensions/tabnine.tabnine-vscode-3.4.4/out/extension
[2021-05-04 11:20:36.274] [exthost] [info] ExtensionService#_doActivateExtension tombonnike.vscode-status-bar-format-toggle {"startup":true,"extensionId":{"value":"tombonnike.vscode-status-bar-format-toggle","_lower":"tombonnike.vscode-status-bar-format-toggle"},"activationEvent":"*"}
[2021-05-04 11:20:36.274] [exthost] [info] ExtensionService#loadCommonJSModule file:///root/.vscode/extensions/tombonnike.vscode-status-bar-format-toggle-2.0.0/out/extension
[2021-05-04 11:20:36.280] [exthost] [info] ExtensionService#_doActivateExtension vincaslt.highlight-matching-tag {"startup":true,"extensionId":{"value":"vincaslt.highlight-matching-tag","_lower":"vincaslt.highlight-matching-tag"},"activationEvent":"*"}
[2021-05-04 11:20:36.280] [exthost] [info] ExtensionService#loadCommonJSModule file:///root/.vscode/extensions/vincaslt.highlight-matching-tag-0.10.0/out/src/extension
[2021-05-04 11:20:36.289] [exthost] [info] ExtensionService#_doActivateExtension vscode.npm {"startup":true,"extensionId":{"value":"vscode.npm","_lower":"vscode.npm"},"activationEvent":"workspaceContains:package.json"}
[2021-05-04 11:20:36.289] [exthost] [info] ExtensionService#loadCommonJSModule file:///usr/share/code/resources/app/extensions/npm/dist/npmMain
[2021-05-04 11:20:36.381] [exthost] [info] ExtensionService#_doActivateExtension ryannaddy.laravel-artisan {"startup":true,"extensionId":{"value":"ryannaddy.laravel-artisan","_lower":"ryannaddy.laravel-artisan"},"activationEvent":"workspaceContains:**/artisan"}
[2021-05-04 11:20:36.381] [exthost] [info] ExtensionService#loadCommonJSModule file:///root/.vscode/extensions/ryannaddy.laravel-artisan-0.0.27/out/src/extension
[2021-05-04 11:20:37.551] [exthost] [info] ExtensionService#_doActivateExtension vscode.configuration-editing {"startup":false,"extensionId":{"value":"vscode.configuration-editing","_lower":"vscode.configuration-editing"},"activationEvent":"onLanguage:jsonc"}
[2021-05-04 11:20:37.558] [exthost] [info] ExtensionService#loadCommonJSModule file:///usr/share/code/resources/app/extensions/configuration-editing/dist/configurationEditingMain
[2021-05-04 11:20:37.575] [exthost] [info] ExtensionService#_doActivateExtension vscode.json-language-features {"startup":false,"extensionId":{"value":"vscode.json-language-features","_lower":"vscode.json-language-features"},"activationEvent":"onLanguage:jsonc"}
[2021-05-04 11:20:37.576] [exthost] [info] ExtensionService#loadCommonJSModule file:///usr/share/code/resources/app/extensions/json-language-features/client/dist/node/jsonClientMain
[2021-05-04 11:20:37.614] [exthost] [info] ExtensionService#_doActivateExtension vscode.typescript-language-features {"startup":false,"extensionId":{"value":"vscode.typescript-language-features","_lower":"vscode.typescript-language-features"},"activationEvent":"onLanguage:jsonc"}
[2021-05-04 11:20:37.614] [exthost] [info] ExtensionService#loadCommonJSModule file:///usr/share/code/resources/app/extensions/typescript-language-features/dist/extension
[2021-05-04 11:20:38.373] [exthost] [info] ExtensionService#_doActivateExtension ms-vscode.js-debug {"startup":false,"extensionId":{"value":"ms-vscode.js-debug","_lower":"ms-vscode.js-debug"},"activationEvent":"onCommand:extension.js-debug.clearAutoAttachVariables"}
[2021-05-04 11:20:38.374] [exthost] [info] ExtensionService#loadCommonJSModule file:///usr/share/code/resources/app/extensions/ms-vscode.js-debug/src/extension.js
[2021-05-04 11:20:38.710] [exthost] [info] ExtensionService#_doActivateExtension vscode.github {"startup":false,"extensionId":{"value":"vscode.github","_lower":"vscode.github"},"activationEvent":"*"}
[2021-05-04 11:20:38.710] [exthost] [info] ExtensionService#loadCommonJSModule file:///usr/share/code/resources/app/extensions/github/dist/extension.js
[2021-05-04 11:20:38.826] [exthost] [info] ExtensionService#_doActivateExtension vscode.github-authentication {"startup":false,"extensionId":{"value":"vscode.github-authentication","_lower":"vscode.github-authentication"},"activationEvent":"onAuthenticationRequest:github"}
[2021-05-04 11:20:38.826] [exthost] [info] ExtensionService#loadCommonJSModule file:///usr/share/code/resources/app/extensions/github-authentication/dist/extension.js
[2021-05-04 11:20:45.467] [exthost] [info] ExtensionService#_doActivateExtension vscode.emmet {"startup":false,"extensionId":{"value":"vscode.emmet","_lower":"vscode.emmet"},"activationEvent":"onStartupFinished"}
[2021-05-04 11:20:45.467] [exthost] [info] ExtensionService#loadCommonJSModule file:///usr/share/code/resources/app/extensions/emmet/dist/node/emmetNodeMain
[2021-05-04 11:20:45.475] [exthost] [info] ExtensionService#_doActivateExtension vscode.merge-conflict {"startup":false,"extensionId":{"value":"vscode.merge-conflict","_lower":"vscode.merge-conflict"},"activationEvent":"onStartupFinished"}
[2021-05-04 11:20:45.475] [exthost] [info] ExtensionService#loadCommonJSModule file:///usr/share/code/resources/app/extensions/merge-conflict/dist/mergeConflictMain
[2021-05-04 11:20:45.477] [exthost] [info] ExtensionService#_doActivateExtension vscode.testing-editor-contributions {"startup":false,"extensionId":{"value":"vscode.testing-editor-contributions","_lower":"vscode.testing-editor-contributions"},"activationEvent":"onStartupFinished"}
[2021-05-04 11:20:45.477] [exthost] [info] ExtensionService#loadCommonJSModule file:///usr/share/code/resources/app/extensions/testing-editor-contributions/dist/extension.js
[2021-05-04 11:20:45.478] [exthost] [info] ExtensionService#_doActivateExtension dbaeumer.vscode-eslint {"startup":false,"extensionId":{"value":"dbaeumer.vscode-eslint","_lower":"dbaeumer.vscode-eslint"},"activationEvent":"onStartupFinished"}
[2021-05-04 11:20:45.478] [exthost] [info] ExtensionService#loadCommonJSModule file:///root/.vscode/extensions/dbaeumer.vscode-eslint-2.1.20/client/out/extension
[2021-05-04 11:20:45.487] [exthost] [info] ExtensionService#_doActivateExtension eamodio.gitlens {"startup":false,"extensionId":{"value":"eamodio.gitlens","_lower":"eamodio.gitlens"},"activationEvent":"onStartupFinished"}
[2021-05-04 11:20:45.487] [exthost] [info] ExtensionService#loadCommonJSModule file:///root/.vscode/extensions/eamodio.gitlens-11.4.1/dist/gitlens
[2021-05-04 11:20:45.529] [exthost] [info] ExtensionService#_doActivateExtension esbenp.prettier-vscode {"startup":false,"extensionId":{"value":"esbenp.prettier-vscode","_lower":"esbenp.prettier-vscode"},"activationEvent":"onStartupFinished"}
[2021-05-04 11:20:45.529] [exthost] [info] ExtensionService#loadCommonJSModule file:///root/.vscode/extensions/esbenp.prettier-vscode-6.3.2/dist/extension
[2021-05-04 11:22:13.860] [exthost] [info] ExtensionService#_doActivateExtension vscode.simple-browser {"startup":false,"extensionId":{"value":"vscode.simple-browser","_lower":"vscode.simple-browser"},"activationEvent":"onOpenExternalUri:http"}
[2021-05-04 11:22:13.861] [exthost] [info] ExtensionService#loadCommonJSModule file:///usr/share/code/resources/app/extensions/simple-browser/dist/extension
[2021-05-04 11:31:51.262] [exthost] [info] extension host terminating: received terminate message from renderer
[2021-05-04 11:31:52.363] [exthost] [info] exiting with code 0
