DEBUG     Checking PHPLS_ALLOW_XDEBUG
DEBUG     The xdebug extension is not loaded

[Info  - 11:32:28 AM] 6208 files total
[Info  - 11:32:28 AM] Indexing project for definitions and static references
Parsing file:///opt/lampp/htdocs/mongodb-vue-crud/server.php
Parsing file:///opt/lampp/htdocs/mongodb-vue-crud/vendor/composer/autoload_real.php
Parsing file:///opt/lampp/htdocs/mongodb-vue-crud/vendor/composer/autoload_files.php
Parsing file:///opt/lampp/htdocs/mongodb-vue-crud/vendor/composer/ClassLoader.php
Parsing file:///opt/lampp/htdocs/mongodb-vue-crud/vendor/composer/installed.php
Parsing file:///opt/lampp/htdocs/mongodb-vue-crud/vendor/composer/autoload_namespaces.php
Parsing file:///opt/lampp/htdocs/mongodb-vue-crud/vendor/composer/autoload_psr4.php
Parsing file:///opt/lampp/htdocs/mongodb-vue-crud/vendor/composer/InstalledVersions.php
Parsing file:///opt/lampp/htdocs/mongodb-vue-crud/vendor/composer/platform_check.php
Parsing file:///opt/lampp/htdocs/mongodb-vue-crud/vendor/composer/autoload_classmap.php
[Info  - 11:32:28 AM] Ignoring file file:///opt/lampp/htdocs/mongodb-vue-crud/vendor/composer/autoload_classmap.php because it exceeds size limit of 150000 bytes (599551)
Parsing file:///opt/lampp/htdocs/mongodb-vue-crud/vendor/composer/autoload_static.php
[Info  - 11:32:28 AM] Ignoring file file:///opt/lampp/htdocs/mongodb-vue-crud/vendor/composer/autoload_static.php because it exceeds size limit of 150000 bytes (661089)
Parsing file:///opt/lampp/htdocs/mongodb-vue-crud/vendor/autoload.php
Parsing file:///opt/lampp/htdocs/mongodb-vue-crud/database/seeders/DatabaseSeeder.php
Parsing file:///opt/lampp/htdocs/mongodb-vue-crud/database/migrations/2014_10_12_000000_create_users_table.php
Parsing file:///opt/lampp/htdocs/mongodb-vue-crud/database/migrations/2014_10_12_100000_create_password_resets_table.php
Parsing file:///opt/lampp/htdocs/mongodb-vue-crud/database/migrations/2019_08_19_000000_create_failed_jobs_table.php
Parsing file:///opt/lampp/htdocs/mongodb-vue-crud/database/factories/UserFactory.php
Parsing file:///opt/lampp/htdocs/mongodb-vue-crud/tests/TestCase.php
Parsing file:///opt/lampp/htdocs/mongodb-vue-crud/tests/Unit/ExampleTest.php
Parsing file:///opt/lampp/htdocs/mongodb-vue-crud/tests/Feature/ExampleTest.php
Parsing file:///opt/lampp/htdocs/mongodb-vue-crud/tests/CreatesApplication.php
Parsing file:///opt/lampp/htdocs/mongodb-vue-crud/storage/framework/views/c85906eeafdcb6a81f4a2447c1300c2955063a8f.php
Parsing file:///opt/lampp/htdocs/mongodb-vue-crud/storage/framework/views/f4ec06ae748b94c427bd632ca743347316c64a32.php
Parsing file:///opt/lampp/htdocs/mongodb-vue-crud/resources/views/app.blade.php
Parsing file:///opt/lampp/htdocs/mongodb-vue-crud/resources/views/auth/verify.blade.php
Parsing file:///opt/lampp/htdocs/mongodb-vue-crud/resources/views/auth/passwords/reset.blade.php
Parsing file:///opt/lampp/htdocs/mongodb-vue-crud/resources/views/auth/passwords/email.blade.php
Parsing file:///opt/lampp/htdocs/mongodb-vue-crud/resources/views/auth/passwords/confirm.blade.php
Parsing file:///opt/lampp/htdocs/mongodb-vue-crud/resources/views/auth/register.blade.php
Parsing file:///opt/lampp/htdocs/mongodb-vue-crud/resources/views/auth/login.blade.php
Parsing file:///opt/lampp/htdocs/mongodb-vue-crud/resources/lang/en/validation.php
Parsing file:///opt/lampp/htdocs/mongodb-vue-crud/resources/lang/en/auth.php
Parsing file:///opt/lampp/htdocs/mongodb-vue-crud/resources/lang/en/passwords.php
Parsing file:///opt/lampp/htdocs/mongodb-vue-crud/resources/lang/en/pagination.php
Parsing file:///opt/lampp/htdocs/mongodb-vue-crud/public/index.php
Parsing file:///opt/lampp/htdocs/mongodb-vue-crud/bootstrap/cache/packages.php
Parsing file:///opt/lampp/htdocs/mongodb-vue-crud/bootstrap/cache/services.php
Parsing file:///opt/lampp/htdocs/mongodb-vue-crud/bootstrap/app.php
Parsing file:///opt/lampp/htdocs/mongodb-vue-crud/routes/channels.php
Parsing file:///opt/lampp/htdocs/mongodb-vue-crud/routes/api.php
Parsing file:///opt/lampp/htdocs/mongodb-vue-crud/routes/console.php
Parsing file:///opt/lampp/htdocs/mongodb-vue-crud/config/broadcasting.php
Parsing file:///opt/lampp/htdocs/mongodb-vue-crud/config/mail.php
Parsing file:///opt/lampp/htdocs/mongodb-vue-crud/config/auth.php
Parsing file:///opt/lampp/htdocs/mongodb-vue-crud/config/session.php
Parsing file:///opt/lampp/htdocs/mongodb-vue-crud/config/hashing.php
Parsing file:///opt/lampp/htdocs/mongodb-vue-crud/config/database.php
Parsing file:///opt/lampp/htdocs/mongodb-vue-crud/config/logging.php
Parsing file:///opt/lampp/htdocs/mongodb-vue-crud/config/queue.php
Parsing file:///opt/lampp/htdocs/mongodb-vue-crud/config/cache.php
Parsing file:///opt/lampp/htdocs/mongodb-vue-crud/config/cors.php
Parsing file:///opt/lampp/htdocs/mongodb-vue-crud/config/app.php
Parsing file:///opt/lampp/htdocs/mongodb-vue-crud/config/filesystems.php
Parsing file:///opt/lampp/htdocs/mongodb-vue-crud/config/view.php
Parsing file:///opt/lampp/htdocs/mongodb-vue-crud/config/services.php
Parsing file:///opt/lampp/htdocs/mongodb-vue-crud/app/Models/User.php
Parsing file:///opt/lampp/htdocs/mongodb-vue-crud/app/Providers/AuthServiceProvider.php
Parsing file:///opt/lampp/htdocs/mongodb-vue-crud/app/Providers/AppServiceProvider.php
Parsing file:///opt/lampp/htdocs/mongodb-vue-crud/app/Providers/RouteServiceProvider.php
Parsing file:///opt/lampp/htdocs/mongodb-vue-crud/app/Providers/BroadcastServiceProvider.php
Parsing file:///opt/lampp/htdocs/mongodb-vue-crud/app/Providers/EventServiceProvider.php
Parsing file:///opt/lampp/htdocs/mongodb-vue-crud/app/Exceptions/Handler.php
Parsing file:///opt/lampp/htdocs/mongodb-vue-crud/app/Http/Middleware/TrustProxies.php
Parsing file:///opt/lampp/htdocs/mongodb-vue-crud/app/Http/Middleware/VerifyCsrfToken.php
Parsing file:///opt/lampp/htdocs/mongodb-vue-crud/app/Http/Middleware/PreventRequestsDuringMaintenance.php
Parsing file:///opt/lampp/htdocs/mongodb-vue-crud/app/Http/Middleware/HandleInertiaRequests.php
Parsing file:///opt/lampp/htdocs/mongodb-vue-crud/app/Http/Middleware/EncryptCookies.php
Parsing file:///opt/lampp/htdocs/mongodb-vue-crud/app/Http/Middleware/TrimStrings.php
Parsing file:///opt/lampp/htdocs/mongodb-vue-crud/app/Http/Middleware/Authenticate.php
Parsing file:///opt/lampp/htdocs/mongodb-vue-crud/app/Http/Middleware/TrustHosts.php
Parsing file:///opt/lampp/htdocs/mongodb-vue-crud/app/Http/Middleware/RedirectIfAuthenticated.php
Parsing file:///opt/lampp/htdocs/mongodb-vue-crud/app/Http/Controllers/Auth/ConfirmPasswordController.php
Parsing file:///opt/lampp/htdocs/mongodb-vue-crud/app/Http/Controllers/Auth/LoginController.php
Parsing file:///opt/lampp/htdocs/mongodb-vue-crud/app/Http/Controllers/Auth/ForgotPasswordController.php
Parsing file:///opt/lampp/htdocs/mongodb-vue-crud/app/Http/Controllers/Auth/VerificationController.php
Parsing file:///opt/lampp/htdocs/mongodb-vue-crud/app/Http/Controllers/Auth/RegisterController.php
Parsing file:///opt/lampp/htdocs/mongodb-vue-crud/app/Http/Controllers/Auth/ResetPasswordController.php
Parsing file:///opt/lampp/htdocs/mongodb-vue-crud/app/Http/Controllers/Controller.php
Parsing file:///opt/lampp/htdocs/mongodb-vue-crud/app/Http/Controllers/HomeController.php
Parsing file:///opt/lampp/htdocs/mongodb-vue-crud/app/Http/Kernel.php
Parsing file:///opt/lampp/htdocs/mongodb-vue-crud/app/Console/Kernel.php
[Info  - 11:32:28 AM] Indexing project for dynamic references
Parsing file:///opt/lampp/htdocs/mongodb-vue-crud/server.php
Parsing file:///opt/lampp/htdocs/mongodb-vue-crud/vendor/composer/autoload_real.php
Parsing file:///opt/lampp/htdocs/mongodb-vue-crud/vendor/composer/autoload_files.php
Parsing file:///opt/lampp/htdocs/mongodb-vue-crud/vendor/composer/ClassLoader.php
Parsing file:///opt/lampp/htdocs/mongodb-vue-crud/vendor/composer/installed.php
Parsing file:///opt/lampp/htdocs/mongodb-vue-crud/vendor/composer/autoload_namespaces.php
Parsing file:///opt/lampp/htdocs/mongodb-vue-crud/vendor/composer/autoload_psr4.php
Parsing file:///opt/lampp/htdocs/mongodb-vue-crud/vendor/composer/InstalledVersions.php
Parsing file:///opt/lampp/htdocs/mongodb-vue-crud/vendor/composer/platform_check.php
Parsing file:///opt/lampp/htdocs/mongodb-vue-crud/vendor/composer/autoload_classmap.php
[Info  - 11:32:28 AM] Ignoring file file:///opt/lampp/htdocs/mongodb-vue-crud/vendor/composer/autoload_classmap.php because it exceeds size limit of 150000 bytes (599551)
Parsing file:///opt/lampp/htdocs/mongodb-vue-crud/vendor/composer/autoload_static.php
[Info  - 11:32:28 AM] Ignoring file file:///opt/lampp/htdocs/mongodb-vue-crud/vendor/composer/autoload_static.php because it exceeds size limit of 150000 bytes (661089)
Parsing file:///opt/lampp/htdocs/mongodb-vue-crud/vendor/autoload.php
Parsing file:///opt/lampp/htdocs/mongodb-vue-crud/database/seeders/DatabaseSeeder.php
Parsing file:///opt/lampp/htdocs/mongodb-vue-crud/database/migrations/2014_10_12_000000_create_users_table.php
Parsing file:///opt/lampp/htdocs/mongodb-vue-crud/database/migrations/2014_10_12_100000_create_password_resets_table.php
Parsing file:///opt/lampp/htdocs/mongodb-vue-crud/database/migrations/2019_08_19_000000_create_failed_jobs_table.php
Parsing file:///opt/lampp/htdocs/mongodb-vue-crud/database/factories/UserFactory.php
Parsing file:///opt/lampp/htdocs/mongodb-vue-crud/tests/TestCase.php
Parsing file:///opt/lampp/htdocs/mongodb-vue-crud/tests/Unit/ExampleTest.php
Parsing file:///opt/lampp/htdocs/mongodb-vue-crud/tests/Feature/ExampleTest.php
Parsing file:///opt/lampp/htdocs/mongodb-vue-crud/tests/CreatesApplication.php
Parsing file:///opt/lampp/htdocs/mongodb-vue-crud/storage/framework/views/c85906eeafdcb6a81f4a2447c1300c2955063a8f.php
Parsing file:///opt/lampp/htdocs/mongodb-vue-crud/storage/framework/views/f4ec06ae748b94c427bd632ca743347316c64a32.php
Parsing file:///opt/lampp/htdocs/mongodb-vue-crud/resources/views/app.blade.php
Parsing file:///opt/lampp/htdocs/mongodb-vue-crud/resources/views/auth/verify.blade.php
Parsing file:///opt/lampp/htdocs/mongodb-vue-crud/resources/views/auth/passwords/reset.blade.php
Parsing file:///opt/lampp/htdocs/mongodb-vue-crud/resources/views/auth/passwords/email.blade.php
Parsing file:///opt/lampp/htdocs/mongodb-vue-crud/resources/views/auth/passwords/confirm.blade.php
Parsing file:///opt/lampp/htdocs/mongodb-vue-crud/resources/views/auth/register.blade.php
Parsing file:///opt/lampp/htdocs/mongodb-vue-crud/resources/views/auth/login.blade.php
Parsing file:///opt/lampp/htdocs/mongodb-vue-crud/resources/lang/en/validation.php
Parsing file:///opt/lampp/htdocs/mongodb-vue-crud/resources/lang/en/auth.php
Parsing file:///opt/lampp/htdocs/mongodb-vue-crud/resources/lang/en/passwords.php
Parsing file:///opt/lampp/htdocs/mongodb-vue-crud/resources/lang/en/pagination.php
Parsing file:///opt/lampp/htdocs/mongodb-vue-crud/public/index.php
Parsing file:///opt/lampp/htdocs/mongodb-vue-crud/bootstrap/cache/packages.php
Parsing file:///opt/lampp/htdocs/mongodb-vue-crud/bootstrap/cache/services.php
Parsing file:///opt/lampp/htdocs/mongodb-vue-crud/bootstrap/app.php
Parsing file:///opt/lampp/htdocs/mongodb-vue-crud/routes/channels.php
Parsing file:///opt/lampp/htdocs/mongodb-vue-crud/routes/api.php
Parsing file:///opt/lampp/htdocs/mongodb-vue-crud/routes/console.php
Parsing file:///opt/lampp/htdocs/mongodb-vue-crud/config/broadcasting.php
Parsing file:///opt/lampp/htdocs/mongodb-vue-crud/config/mail.php
Parsing file:///opt/lampp/htdocs/mongodb-vue-crud/config/auth.php
Parsing file:///opt/lampp/htdocs/mongodb-vue-crud/config/session.php
Parsing file:///opt/lampp/htdocs/mongodb-vue-crud/config/hashing.php
Parsing file:///opt/lampp/htdocs/mongodb-vue-crud/config/database.php
Parsing file:///opt/lampp/htdocs/mongodb-vue-crud/config/logging.php
Parsing file:///opt/lampp/htdocs/mongodb-vue-crud/config/queue.php
Parsing file:///opt/lampp/htdocs/mongodb-vue-crud/config/cache.php
Parsing file:///opt/lampp/htdocs/mongodb-vue-crud/config/cors.php
Parsing file:///opt/lampp/htdocs/mongodb-vue-crud/config/app.php
Parsing file:///opt/lampp/htdocs/mongodb-vue-crud/config/filesystems.php
Parsing file:///opt/lampp/htdocs/mongodb-vue-crud/config/view.php
Parsing file:///opt/lampp/htdocs/mongodb-vue-crud/config/services.php
Parsing file:///opt/lampp/htdocs/mongodb-vue-crud/app/Models/User.php
Parsing file:///opt/lampp/htdocs/mongodb-vue-crud/app/Providers/AuthServiceProvider.php
Parsing file:///opt/lampp/htdocs/mongodb-vue-crud/app/Providers/AppServiceProvider.php
Parsing file:///opt/lampp/htdocs/mongodb-vue-crud/app/Providers/RouteServiceProvider.php
Parsing file:///opt/lampp/htdocs/mongodb-vue-crud/app/Providers/BroadcastServiceProvider.php
Parsing file:///opt/lampp/htdocs/mongodb-vue-crud/app/Providers/EventServiceProvider.php
Parsing file:///opt/lampp/htdocs/mongodb-vue-crud/app/Exceptions/Handler.php
Parsing file:///opt/lampp/htdocs/mongodb-vue-crud/app/Http/Middleware/TrustProxies.php
Parsing file:///opt/lampp/htdocs/mongodb-vue-crud/app/Http/Middleware/VerifyCsrfToken.php
Parsing file:///opt/lampp/htdocs/mongodb-vue-crud/app/Http/Middleware/PreventRequestsDuringMaintenance.php
Parsing file:///opt/lampp/htdocs/mongodb-vue-crud/app/Http/Middleware/HandleInertiaRequests.php
Parsing file:///opt/lampp/htdocs/mongodb-vue-crud/app/Http/Middleware/EncryptCookies.php
Parsing file:///opt/lampp/htdocs/mongodb-vue-crud/app/Http/Middleware/TrimStrings.php
Parsing file:///opt/lampp/htdocs/mongodb-vue-crud/app/Http/Middleware/Authenticate.php
Parsing file:///opt/lampp/htdocs/mongodb-vue-crud/app/Http/Middleware/TrustHosts.php
Parsing file:///opt/lampp/htdocs/mongodb-vue-crud/app/Http/Middleware/RedirectIfAuthenticated.php
Parsing file:///opt/lampp/htdocs/mongodb-vue-crud/app/Http/Controllers/Auth/ConfirmPasswordController.php
Parsing file:///opt/lampp/htdocs/mongodb-vue-crud/app/Http/Controllers/Auth/LoginController.php
Parsing file:///opt/lampp/htdocs/mongodb-vue-crud/app/Http/Controllers/Auth/ForgotPasswordController.php
Parsing file:///opt/lampp/htdocs/mongodb-vue-crud/app/Http/Controllers/Auth/VerificationController.php
Parsing file:///opt/lampp/htdocs/mongodb-vue-crud/app/Http/Controllers/Auth/RegisterController.php
Parsing file:///opt/lampp/htdocs/mongodb-vue-crud/app/Http/Controllers/Auth/ResetPasswordController.php
Parsing file:///opt/lampp/htdocs/mongodb-vue-crud/app/Http/Controllers/Controller.php
Parsing file:///opt/lampp/htdocs/mongodb-vue-crud/app/Http/Controllers/HomeController.php
Parsing file:///opt/lampp/htdocs/mongodb-vue-crud/app/Http/Kernel.php
Parsing file:///opt/lampp/htdocs/mongodb-vue-crud/app/Console/Kernel.php
[Info  - 11:32:28 AM] 106 Packages
[Info  - 11:32:28 AM] Restored ralouphie/getallheaders:3.0.3 from cache
[Info  - 11:32:28 AM] Restored inertiajs/inertia-laravel:0.4.1 from cache
[Info  - 11:32:28 AM] Restored doctrine/inflector:2.0.3 from cache
[Info  - 11:32:28 AM] Restored doctrine/lexer:1.2.1 from cache
[Info  - 11:32:28 AM] Restored doctrine/instantiator:1.4.0 from cache
[Info  - 11:32:29 AM] Restored myclabs/deep-copy:1.10.2 from cache
[Info  - 11:32:29 AM] Restored phpunit/phpunit:9.5.4 from cache
[Info  - 11:32:29 AM] Restored phpunit/php-invoker:3.1.1 from cache
[Info  - 11:32:29 AM] Restored phpunit/php-timer:5.0.3 from cache
[Info  - 11:32:29 AM] Restored phpunit/php-code-coverage:9.2.6 from cache
[Info  - 11:32:29 AM] Restored phpunit/php-text-template:2.0.4 from cache
[Info  - 11:32:29 AM] Restored phpunit/php-file-iterator:3.0.5 from cache
[Info  - 11:32:29 AM] Restored theseer/tokenizer:1.2.0 from cache
[Info  - 11:32:29 AM] Restored webmozart/assert:1.10.0 from cache
[Info  - 11:32:29 AM] Restored voku/portable-ascii:1.5.6 from cache
[Info  - 11:32:29 AM] Restored ramsey/collection:1.1.3 from cache
[Info  - 11:32:29 AM] Restored ramsey/uuid:4.1.1 from cache
[Info  - 11:32:29 AM] Restored psr/simple-cache:1.0.1 from cache
[Info  - 11:32:29 AM] Restored psr/log:1.1.3 from cache
[Info  - 11:32:29 AM] Restored psr/http-client:1.0.1 from cache
[Info  - 11:32:29 AM] Restored psr/event-dispatcher:1.0.0 from cache
[Info  - 11:32:29 AM] Restored psr/http-message:1.0.1 from cache
[Info  - 11:32:29 AM] Restored psr/container:1.1.1 from cache
[Info  - 11:32:29 AM] Restored phpdocumentor/reflection-docblock:5.2.2 from cache
[Info  - 11:32:29 AM] Restored phpdocumentor/reflection-common:2.2.0 from cache
[Info  - 11:32:29 AM] Restored phpdocumentor/type-resolver:1.4.0 from cache
[Info  - 11:32:29 AM] Restored opis/closure:3.6.2 from cache
[Info  - 11:32:29 AM] Restored guzzlehttp/psr7:1.8.1 from cache
[Info  - 11:32:29 AM] Restored guzzlehttp/promises:1.4.1 from cache
[Info  - 11:32:29 AM] Restored guzzlehttp/guzzle:7.3.0 from cache
[Info  - 11:32:29 AM] Restored facade/ignition-contracts:1.0.2 from cache
[Info  - 11:32:29 AM] Restored facade/flare-client-php:1.7.0 from cache
[Info  - 11:32:29 AM] Restored facade/ignition:2.8.3 from cache
[Info  - 11:32:29 AM] Restored brick/math:0.9.2 from cache
[Info  - 11:32:29 AM] Restored filp/whoops:2.12.0 from cache
[Info  - 11:32:29 AM] Restored phpoption/phpoption:1.7.5 from cache
[Info  - 11:32:29 AM] Restored fideloper/proxy:4.4.1 from cache
[Info  - 11:32:29 AM] Restored tijsverkoyen/css-to-inline-styles:2.2.3 from cache
[Info  - 11:32:29 AM] Restored nunomaduro/collision:5.4.0 from cache
[Info  - 11:32:29 AM] Restored mockery/mockery:1.4.3 from cache
[Info  - 11:32:29 AM] Restored asm89/stack-cors:2.0.3 from cache
[Info  - 11:32:29 AM] Restored phar-io/version:3.1.0 from cache
[Info  - 11:32:29 AM] Restored phar-io/manifest:2.0.1 from cache
[Info  - 11:32:29 AM] Restored dragonmantank/cron-expression:3.1.0 from cache
[Info  - 11:32:29 AM] Restored egulias/email-validator:2.1.25 from cache
[Info  - 11:32:29 AM] Restored vlucas/phpdotenv:5.3.0 from cache
[Info  - 11:32:29 AM] Restored graham-campbell/result-type:1.0.1 from cache
[Info  - 11:32:29 AM] Restored monolog/monolog:2.2.0 from cache
[Info  - 11:32:29 AM] Restored nikic/php-parser:4.10.4 from cache
[Info  - 11:32:29 AM] Restored sebastian/complexity:2.0.2 from cache
[Info  - 11:32:29 AM] Restored sebastian/code-unit:1.0.8 from cache
[Info  - 11:32:29 AM] Restored sebastian/comparator:4.0.6 from cache
[Info  - 11:32:29 AM] Restored sebastian/exporter:4.0.3 from cache
[Info  - 11:32:29 AM] Restored sebastian/recursion-context:4.0.4 from cache
[Info  - 11:32:29 AM] Restored sebastian/cli-parser:1.0.1 from cache
[Info  - 11:32:29 AM] Restored sebastian/object-reflector:2.0.4 from cache
[Info  - 11:32:29 AM] Restored sebastian/version:3.0.2 from cache
[Info  - 11:32:29 AM] Restored sebastian/resource-operations:3.0.3 from cache
[Info  - 11:32:29 AM] Restored sebastian/global-state:5.0.2 from cache
[Info  - 11:32:29 AM] Restored sebastian/environment:5.1.3 from cache
[Info  - 11:32:29 AM] Restored sebastian/diff:4.0.4 from cache
[Info  - 11:32:29 AM] Restored sebastian/code-unit-reverse-lookup:2.0.3 from cache
[Info  - 11:32:29 AM] Restored sebastian/lines-of-code:1.0.3 from cache
[Info  - 11:32:29 AM] Restored sebastian/type:2.3.1 from cache
[Info  - 11:32:29 AM] Restored sebastian/object-enumerator:4.0.4 from cache
[Info  - 11:32:29 AM] Restored league/flysystem:1.1.3 from cache
[Info  - 11:32:29 AM] Restored league/mime-type-detection:1.7.0 from cache
[Info  - 11:32:29 AM] Restored league/commonmark:1.5.8 from cache
[Info  - 11:32:29 AM] Restored fruitcake/laravel-cors:2.0.3 from cache
[Info  - 11:32:29 AM] Restored laravel/sail:1.5.0 from cache
[Info  - 11:32:29 AM] Restored laravel/framework:8.38.0 from cache
[Info  - 11:32:29 AM] Restored laravel/tinker:2.6.1 from cache
[Info  - 11:32:29 AM] Restored laravel/ui:3.2.0 from cache
[Info  - 11:32:29 AM] Restored nesbot/carbon:2.46.0 from cache
[Info  - 11:32:30 AM] Restored swiftmailer/swiftmailer:6.2.7 from cache
[Info  - 11:32:30 AM] Restored hamcrest/hamcrest-php:2.0.1 from cache
[Info  - 11:32:30 AM] Restored symfony/finder:5.2.4 from cache
[Info  - 11:32:30 AM] Restored symfony/polyfill-mbstring:1.22.1 from cache
[Info  - 11:32:30 AM] Restored symfony/polyfill-php72:1.22.1 from cache
[Info  - 11:32:30 AM] Restored symfony/polyfill-ctype:1.22.1 from cache
[Info  - 11:32:30 AM] Restored symfony/deprecation-contracts:2.4.0 from cache
[Info  - 11:32:30 AM] Restored symfony/polyfill-intl-normalizer:1.22.1 from cache
[Info  - 11:32:30 AM] Restored symfony/error-handler:5.2.6 from cache
[Info  - 11:32:30 AM] Restored symfony/polyfill-php80:1.22.1 from cache
[Info  - 11:32:30 AM] Restored symfony/var-dumper:5.2.6 from cache
[Info  - 11:32:30 AM] Restored symfony/polyfill-php73:1.22.1 from cache
[Info  - 11:32:30 AM] Restored symfony/mime:5.2.6 from cache
[Info  - 11:32:30 AM] Restored symfony/service-contracts:2.4.0 from cache
[Info  - 11:32:30 AM] Restored symfony/css-selector:5.2.4 from cache
[Info  - 11:32:30 AM] Restored symfony/translation-contracts:2.4.0 from cache
[Info  - 11:32:30 AM] Restored symfony/event-dispatcher-contracts:2.4.0 from cache
[Info  - 11:32:30 AM] Restored symfony/console:5.2.6 from cache
[Info  - 11:32:30 AM] Restored symfony/http-client-contracts:2.4.0 from cache
[Info  - 11:32:30 AM] Restored symfony/polyfill-intl-idn:1.22.1 from cache
[Info  - 11:32:30 AM] Restored symfony/event-dispatcher:5.2.4 from cache
[Info  - 11:32:30 AM] Restored symfony/polyfill-iconv:1.22.1 from cache
[Info  - 11:32:30 AM] Restored symfony/http-foundation:5.2.4 from cache
[Info  - 11:32:30 AM] Restored symfony/routing:5.2.6 from cache
[Info  - 11:32:30 AM] Restored symfony/process:5.2.4 from cache
[Info  - 11:32:30 AM] Restored symfony/translation:5.2.6 from cache
[Info  - 11:32:30 AM] Restored symfony/polyfill-intl-grapheme:1.22.1 from cache
[Info  - 11:32:30 AM] Restored symfony/http-kernel:5.2.6 from cache
[Info  - 11:32:30 AM] Restored symfony/string:5.2.6 from cache
[Info  - 11:32:30 AM] Restored psy/psysh:0.10.8 from cache
[Info  - 11:32:30 AM] Restored fakerphp/faker:1.14.1 from cache
[Info  - 11:32:30 AM] Restored phpspec/prophecy:1.13.0 from cache
[Info  - 11:32:30 AM] All 6208 PHP files parsed in 1 seconds. 463 MiB allocated.
